2015-02-20	[INFO]	/Users/Zeke/Desktop/Go/TimeServer/src/command/authserver/authserver.go:main.main:259	The log file path is /Users/Zeke/Desktop/Go/TimeServer/etc/seelog.xml
2015-02-20	[DEBUG]	/Users/Zeke/Desktop/Go/TimeServer/src/command/authserver/authserver.go:main.exportRoutine:205	Starting JSON backup.
2015-02-20	[DEBUG]	/Users/Zeke/Desktop/Go/TimeServer/src/command/authserver/authserver.go:main.exportRoutine:232	JSON backup finished!
2015-02-20	[DEBUG]	/Users/Zeke/Desktop/Go/TimeServer/src/command/authserver/authserver.go:main.exportRoutine:205	Starting JSON backup.
2015-02-20	[DEBUG]	/Users/Zeke/Desktop/Go/TimeServer/src/command/authserver/authserver.go:main.exportRoutine:232	JSON backup finished!
2015-02-20	[DEBUG]	/Users/Zeke/Desktop/Go/TimeServer/src/command/authserver/authserver.go:main.exportRoutine:205	Starting JSON backup.
2015-02-20	[DEBUG]	/Users/Zeke/Desktop/Go/TimeServer/src/command/authserver/authserver.go:main.exportRoutine:232	JSON backup finished!
2015-02-20	[DEBUG]	/Users/Zeke/Desktop/Go/TimeServer/src/command/authserver/authserver.go:main.exportRoutine:205	Starting JSON backup.
2015-02-20	[DEBUG]	/Users/Zeke/Desktop/Go/TimeServer/src/command/authserver/authserver.go:main.exportRoutine:232	JSON backup finished!
2015-02-20	[DEBUG]	/Users/Zeke/Desktop/Go/TimeServer/src/command/authserver/authserver.go:main.exportRoutine:205	Starting JSON backup.
2015-02-20	[DEBUG]	/Users/Zeke/Desktop/Go/TimeServer/src/command/authserver/authserver.go:main.exportRoutine:232	JSON backup finished!
2015-02-20	[DEBUG]	/Users/Zeke/Desktop/Go/TimeServer/src/command/authserver/authserver.go:main.exportRoutine:205	Starting JSON backup.
2015-02-20	[DEBUG]	/Users/Zeke/Desktop/Go/TimeServer/src/command/authserver/authserver.go:main.exportRoutine:232	JSON backup finished!
2015-02-20	[DEBUG]	/Users/Zeke/Desktop/Go/TimeServer/src/command/authserver/authserver.go:main.exportRoutine:205	Starting JSON backup.
2015-02-20	[DEBUG]	/Users/Zeke/Desktop/Go/TimeServer/src/command/authserver/authserver.go:main.exportRoutine:232	JSON backup finished!
2015-02-20	[DEBUG]	/Users/Zeke/Desktop/Go/TimeServer/src/command/authserver/authserver.go:main.exportRoutine:205	Starting JSON backup.
2015-02-20	[DEBUG]	/Users/Zeke/Desktop/Go/TimeServer/src/command/authserver/authserver.go:main.exportRoutine:232	JSON backup finished!
2015-02-20	[DEBUG]	/Users/Zeke/Desktop/Go/TimeServer/src/command/authserver/authserver.go:main.exportRoutine:205	Starting JSON backup.
2015-02-20	[DEBUG]	/Users/Zeke/Desktop/Go/TimeServer/src/command/authserver/authserver.go:main.exportRoutine:232	JSON backup finished!
2015-02-20	[DEBUG]	/Users/Zeke/Desktop/Go/TimeServer/src/command/authserver/authserver.go:main.exportRoutine:205	Starting JSON backup.
2015-02-20	[DEBUG]	/Users/Zeke/Desktop/Go/TimeServer/src/command/authserver/authserver.go:main.exportRoutine:232	JSON backup finished!
2015-02-20	[DEBUG]	/Users/Zeke/Desktop/Go/TimeServer/src/command/authserver/authserver.go:main.exportRoutine:205	Starting JSON backup.
2015-02-20	[DEBUG]	/Users/Zeke/Desktop/Go/TimeServer/src/command/authserver/authserver.go:main.exportRoutine:232	JSON backup finished!
2015-02-20	[DEBUG]	/Users/Zeke/Desktop/Go/TimeServer/src/command/authserver/authserver.go:main.exportRoutine:205	Starting JSON backup.
2015-02-20	[DEBUG]	/Users/Zeke/Desktop/Go/TimeServer/src/command/authserver/authserver.go:main.exportRoutine:232	JSON backup finished!
2015-02-20	[DEBUG]	/Users/Zeke/Desktop/Go/TimeServer/src/command/authserver/authserver.go:main.exportRoutine:205	Starting JSON backup.
2015-02-20	[DEBUG]	/Users/Zeke/Desktop/Go/TimeServer/src/command/authserver/authserver.go:main.exportRoutine:232	JSON backup finished!
2015-02-20	[DEBUG]	/Users/Zeke/Desktop/Go/TimeServer/src/command/authserver/authserver.go:main.exportRoutine:205	Starting JSON backup.
2015-02-20	[DEBUG]	/Users/Zeke/Desktop/Go/TimeServer/src/command/authserver/authserver.go:main.exportRoutine:232	JSON backup finished!
2015-02-20	[DEBUG]	/Users/Zeke/Desktop/Go/TimeServer/src/command/authserver/authserver.go:main.exportRoutine:205	Starting JSON backup.
2015-02-20	[DEBUG]	/Users/Zeke/Desktop/Go/TimeServer/src/command/authserver/authserver.go:main.exportRoutine:232	JSON backup finished!
2015-02-20	[DEBUG]	/Users/Zeke/Desktop/Go/TimeServer/src/command/authserver/authserver.go:main.exportRoutine:205	Starting JSON backup.
2015-02-20	[DEBUG]	/Users/Zeke/Desktop/Go/TimeServer/src/command/authserver/authserver.go:main.exportRoutine:232	JSON backup finished!
2015-02-20	[DEBUG]	/Users/Zeke/Desktop/Go/TimeServer/src/command/authserver/authserver.go:main.exportRoutine:205	Starting JSON backup.
2015-02-20	[DEBUG]	/Users/Zeke/Desktop/Go/TimeServer/src/command/authserver/authserver.go:main.exportRoutine:232	JSON backup finished!
2015-02-20	[DEBUG]	/Users/Zeke/Desktop/Go/TimeServer/src/command/authserver/authserver.go:main.exportRoutine:205	Starting JSON backup.
2015-02-20	[DEBUG]	/Users/Zeke/Desktop/Go/TimeServer/src/command/authserver/authserver.go:main.exportRoutine:232	JSON backup finished!
2015-02-20	[DEBUG]	/Users/Zeke/Desktop/Go/TimeServer/src/command/authserver/authserver.go:main.exportRoutine:205	Starting JSON backup.
2015-02-20	[DEBUG]	/Users/Zeke/Desktop/Go/TimeServer/src/command/authserver/authserver.go:main.exportRoutine:232	JSON backup finished!
2015-02-20	[DEBUG]	/Users/Zeke/Desktop/Go/TimeServer/src/command/authserver/authserver.go:main.exportRoutine:205	Starting JSON backup.
2015-02-20	[DEBUG]	/Users/Zeke/Desktop/Go/TimeServer/src/command/authserver/authserver.go:main.exportRoutine:232	JSON backup finished!
2015-02-20	[DEBUG]	/Users/Zeke/Desktop/Go/TimeServer/src/command/authserver/authserver.go:main.exportRoutine:205	Starting JSON backup.
2015-02-20	[DEBUG]	/Users/Zeke/Desktop/Go/TimeServer/src/command/authserver/authserver.go:main.exportRoutine:232	JSON backup finished!
2015-02-20	[DEBUG]	/Users/Zeke/Desktop/Go/TimeServer/src/command/authserver/authserver.go:main.exportRoutine:205	Starting JSON backup.
2015-02-20	[DEBUG]	/Users/Zeke/Desktop/Go/TimeServer/src/command/authserver/authserver.go:main.exportRoutine:232	JSON backup finished!
2015-02-20	[DEBUG]	/Users/Zeke/Desktop/Go/TimeServer/src/command/authserver/authserver.go:main.exportRoutine:205	Starting JSON backup.
2015-02-20	[DEBUG]	/Users/Zeke/Desktop/Go/TimeServer/src/command/authserver/authserver.go:main.exportRoutine:232	JSON backup finished!
2015-02-20	[DEBUG]	/Users/Zeke/Desktop/Go/TimeServer/src/command/authserver/authserver.go:main.exportRoutine:205	Starting JSON backup.
2015-02-20	[DEBUG]	/Users/Zeke/Desktop/Go/TimeServer/src/command/authserver/authserver.go:main.exportRoutine:232	JSON backup finished!
2015-02-20	[DEBUG]	/Users/Zeke/Desktop/Go/TimeServer/src/command/authserver/authserver.go:main.exportRoutine:205	Starting JSON backup.
2015-02-20	[DEBUG]	/Users/Zeke/Desktop/Go/TimeServer/src/command/authserver/authserver.go:main.exportRoutine:232	JSON backup finished!
2015-02-20	[DEBUG]	/Users/Zeke/Desktop/Go/TimeServer/src/command/authserver/authserver.go:main.exportRoutine:205	Starting JSON backup.
2015-02-20	[DEBUG]	/Users/Zeke/Desktop/Go/TimeServer/src/command/authserver/authserver.go:main.exportRoutine:232	JSON backup finished!
2015-02-20	[INFO]	/Users/Zeke/Desktop/Go/TimeServer/src/command/authserver/authserver.go:main.main:259	The log file path is /Users/Zeke/Desktop/Go/TimeServer/etc/seelog.xml
2015-02-20	[DEBUG]	/Users/Zeke/Desktop/Go/TimeServer/src/command/authserver/authserver.go:main.exportRoutine:205	Starting JSON backup.
2015-02-20	[DEBUG]	/Users/Zeke/Desktop/Go/TimeServer/src/command/authserver/authserver.go:main.exportRoutine:232	JSON backup finished!
2015-02-20	[DEBUG]	/Users/Zeke/Desktop/Go/TimeServer/src/command/authserver/authserver.go:main.exportRoutine:205	Starting JSON backup.
2015-02-20	[DEBUG]	/Users/Zeke/Desktop/Go/TimeServer/src/command/authserver/authserver.go:main.exportRoutine:232	JSON backup finished!
2015-02-20	[DEBUG]	/Users/Zeke/Desktop/Go/TimeServer/src/command/authserver/authserver.go:main.exportRoutine:205	Starting JSON backup.
2015-02-20	[DEBUG]	/Users/Zeke/Desktop/Go/TimeServer/src/command/authserver/authserver.go:main.exportRoutine:232	JSON backup finished!
2015-02-20	[DEBUG]	/Users/Zeke/Desktop/Go/TimeServer/src/command/authserver/authserver.go:main.exportRoutine:205	Starting JSON backup.
2015-02-20	[DEBUG]	/Users/Zeke/Desktop/Go/TimeServer/src/command/authserver/authserver.go:main.exportRoutine:232	JSON backup finished!
2015-02-20	[DEBUG]	/Users/Zeke/Desktop/Go/TimeServer/src/command/authserver/authserver.go:main.exportRoutine:205	Starting JSON backup.
2015-02-20	[DEBUG]	/Users/Zeke/Desktop/Go/TimeServer/src/command/authserver/authserver.go:main.exportRoutine:232	JSON backup finished!
2015-02-20	[DEBUG]	/Users/Zeke/Desktop/Go/TimeServer/src/command/authserver/authserver.go:main.exportRoutine:205	Starting JSON backup.
2015-02-20	[DEBUG]	/Users/Zeke/Desktop/Go/TimeServer/src/command/authserver/authserver.go:main.exportRoutine:232	JSON backup finished!
2015-02-20	[DEBUG]	/Users/Zeke/Desktop/Go/TimeServer/src/command/authserver/authserver.go:main.exportRoutine:205	Starting JSON backup.
2015-02-20	[DEBUG]	/Users/Zeke/Desktop/Go/TimeServer/src/command/authserver/authserver.go:main.exportRoutine:232	JSON backup finished!
2015-02-20	[DEBUG]	/Users/Zeke/Desktop/Go/TimeServer/src/command/authserver/authserver.go:main.exportRoutine:205	Starting JSON backup.
2015-02-20	[DEBUG]	/Users/Zeke/Desktop/Go/TimeServer/src/command/authserver/authserver.go:main.exportRoutine:232	JSON backup finished!
2015-02-20	[DEBUG]	/Users/Zeke/Desktop/Go/TimeServer/src/command/authserver/authserver.go:main.exportRoutine:205	Starting JSON backup.
2015-02-20	[DEBUG]	/Users/Zeke/Desktop/Go/TimeServer/src/command/authserver/authserver.go:main.exportRoutine:232	JSON backup finished!
2015-02-20	[DEBUG]	/Users/Zeke/Desktop/Go/TimeServer/src/command/authserver/authserver.go:main.exportRoutine:205	Starting JSON backup.
2015-02-20	[DEBUG]	/Users/Zeke/Desktop/Go/TimeServer/src/command/authserver/authserver.go:main.exportRoutine:232	JSON backup finished!
2015-02-20	[DEBUG]	/Users/Zeke/Desktop/Go/TimeServer/src/command/authserver/authserver.go:main.exportRoutine:205	Starting JSON backup.
2015-02-20	[DEBUG]	/Users/Zeke/Desktop/Go/TimeServer/src/command/authserver/authserver.go:main.exportRoutine:232	JSON backup finished!
2015-02-20	[DEBUG]	/Users/Zeke/Desktop/Go/TimeServer/src/command/authserver/authserver.go:main.exportRoutine:205	Starting JSON backup.
2015-02-20	[DEBUG]	/Users/Zeke/Desktop/Go/TimeServer/src/command/authserver/authserver.go:main.exportRoutine:232	JSON backup finished!
2015-02-20	[DEBUG]	/Users/Zeke/Desktop/Go/TimeServer/src/command/authserver/authserver.go:main.exportRoutine:205	Starting JSON backup.
2015-02-20	[DEBUG]	/Users/Zeke/Desktop/Go/TimeServer/src/command/authserver/authserver.go:main.exportRoutine:232	JSON backup finished!
2015-02-20	[DEBUG]	/Users/Zeke/Desktop/Go/TimeServer/src/command/authserver/authserver.go:main.exportRoutine:205	Starting JSON backup.
2015-02-20	[DEBUG]	/Users/Zeke/Desktop/Go/TimeServer/src/command/authserver/authserver.go:main.exportRoutine:232	JSON backup finished!
2015-02-20	[DEBUG]	/Users/Zeke/Desktop/Go/TimeServer/src/command/authserver/authserver.go:main.exportRoutine:205	Starting JSON backup.
2015-02-20	[DEBUG]	/Users/Zeke/Desktop/Go/TimeServer/src/command/authserver/authserver.go:main.exportRoutine:232	JSON backup finished!
2015-02-20	[DEBUG]	/Users/Zeke/Desktop/Go/TimeServer/src/command/authserver/authserver.go:main.exportRoutine:205	Starting JSON backup.
2015-02-20	[DEBUG]	/Users/Zeke/Desktop/Go/TimeServer/src/command/authserver/authserver.go:main.exportRoutine:232	JSON backup finished!
2015-02-20	[DEBUG]	/Users/Zeke/Desktop/Go/TimeServer/src/command/authserver/authserver.go:main.exportRoutine:205	Starting JSON backup.
2015-02-20	[DEBUG]	/Users/Zeke/Desktop/Go/TimeServer/src/command/authserver/authserver.go:main.exportRoutine:232	JSON backup finished!
2015-02-20	[DEBUG]	/Users/Zeke/Desktop/Go/TimeServer/src/command/authserver/authserver.go:main.exportRoutine:205	Starting JSON backup.
2015-02-20	[DEBUG]	/Users/Zeke/Desktop/Go/TimeServer/src/command/authserver/authserver.go:main.exportRoutine:232	JSON backup finished!
2015-02-20	[DEBUG]	/Users/Zeke/Desktop/Go/TimeServer/src/command/authserver/authserver.go:main.exportRoutine:205	Starting JSON backup.
2015-02-20	[DEBUG]	/Users/Zeke/Desktop/Go/TimeServer/src/command/authserver/authserver.go:main.exportRoutine:232	JSON backup finished!
2015-02-20	[DEBUG]	/Users/Zeke/Desktop/Go/TimeServer/src/command/authserver/authserver.go:main.exportRoutine:205	Starting JSON backup.
2015-02-20	[DEBUG]	/Users/Zeke/Desktop/Go/TimeServer/src/command/authserver/authserver.go:main.exportRoutine:232	JSON backup finished!
2015-02-20	[DEBUG]	/Users/Zeke/Desktop/Go/TimeServer/src/command/authserver/authserver.go:main.exportRoutine:205	Starting JSON backup.
2015-02-20	[DEBUG]	/Users/Zeke/Desktop/Go/TimeServer/src/command/authserver/authserver.go:main.exportRoutine:232	JSON backup finished!
2015-02-20	[INFO]	/Users/Zeke/Desktop/Go/TimeServer/src/command/authserver/authserver.go:main.main:259	The log file path is /Users/Zeke/Desktop/Go/TimeServer/etc/seelog.xml
2015-02-20	[INFO]	/Users/Zeke/Desktop/Go/TimeServer/src/command/authserver/authserver.go:main.main:259	The log file path is /Users/Zeke/Desktop/Go/TimeServer/etc/seelog.xml
2015-02-20	[INFO]	/Users/Zeke/Desktop/Go/TimeServer/src/command/authserver/authserver.go:main.main:259	The log file path is /Users/Zeke/Desktop/Go/TimeServer/etc/seelog.xml
2015-02-20	[DEBUG]	/Users/Zeke/Desktop/Go/TimeServer/src/command/authserver/authserver.go:main.exportRoutine:205	Starting JSON backup.
2015-02-20	[DEBUG]	/Users/Zeke/Desktop/Go/TimeServer/src/command/authserver/authserver.go:main.exportRoutine:232	JSON backup finished!
2015-02-20	[INFO]	/Users/Zeke/Desktop/Go/TimeServer/src/command/authserver/authserver.go:main.main:259	The log file path is /Users/Zeke/Desktop/Go/TimeServer/etc/seelog.xml
2015-02-20	[DEBUG]	/Users/Zeke/Desktop/Go/TimeServer/src/command/authserver/authserver.go:main.exportRoutine:205	Starting JSON backup.
2015-02-20	[DEBUG]	/Users/Zeke/Desktop/Go/TimeServer/src/command/authserver/authserver.go:main.exportRoutine:232	JSON backup finished!
2015-02-20	[DEBUG]	/Users/Zeke/Desktop/Go/TimeServer/src/command/authserver/authserver.go:main.exportRoutine:205	Starting JSON backup.
2015-02-20	[DEBUG]	/Users/Zeke/Desktop/Go/TimeServer/src/command/authserver/authserver.go:main.exportRoutine:232	JSON backup finished!
2015-02-20	[DEBUG]	/Users/Zeke/Desktop/Go/TimeServer/src/command/authserver/authserver.go:main.exportRoutine:205	Starting JSON backup.
2015-02-20	[DEBUG]	/Users/Zeke/Desktop/Go/TimeServer/src/command/authserver/authserver.go:main.exportRoutine:232	JSON backup finished!
2015-02-20	[INFO]	/Users/Zeke/Desktop/Go/TimeServer/src/command/timeserver/authserver.go:main.main:259	The log file path is /Users/Zeke/Desktop/Go/TimeServer/etc/seelog.xml
2015-02-20	[DEBUG]	/Users/Zeke/Desktop/Go/TimeServer/src/command/timeserver/authserver.go:main.exportRoutine:205	Starting JSON backup.
2015-02-20	[DEBUG]	/Users/Zeke/Desktop/Go/TimeServer/src/command/timeserver/authserver.go:main.exportRoutine:232	JSON backup finished!
2015-02-20	[DEBUG]	/Users/Zeke/Desktop/Go/TimeServer/src/command/timeserver/authserver.go:main.exportRoutine:205	Starting JSON backup.
2015-02-20	[DEBUG]	/Users/Zeke/Desktop/Go/TimeServer/src/command/timeserver/authserver.go:main.exportRoutine:232	JSON backup finished!
2015-02-20	[DEBUG]	/Users/Zeke/Desktop/Go/TimeServer/src/command/timeserver/authserver.go:main.exportRoutine:205	Starting JSON backup.
2015-02-20	[DEBUG]	/Users/Zeke/Desktop/Go/TimeServer/src/command/timeserver/authserver.go:main.exportRoutine:232	JSON backup finished!
2015-02-20	[DEBUG]	/Users/Zeke/Desktop/Go/TimeServer/src/command/timeserver/authserver.go:main.exportRoutine:205	Starting JSON backup.
2015-02-20	[DEBUG]	/Users/Zeke/Desktop/Go/TimeServer/src/command/timeserver/authserver.go:main.exportRoutine:232	JSON backup finished!
2015-02-20	[DEBUG]	/Users/Zeke/Desktop/Go/TimeServer/src/command/timeserver/authserver.go:main.exportRoutine:205	Starting JSON backup.
2015-02-20	[DEBUG]	/Users/Zeke/Desktop/Go/TimeServer/src/command/timeserver/authserver.go:main.exportRoutine:232	JSON backup finished!
2015-02-20	[DEBUG]	/Users/Zeke/Desktop/Go/TimeServer/src/command/timeserver/authserver.go:main.exportRoutine:205	Starting JSON backup.
2015-02-20	[DEBUG]	/Users/Zeke/Desktop/Go/TimeServer/src/command/timeserver/authserver.go:main.exportRoutine:232	JSON backup finished!
2015-02-20	[DEBUG]	/Users/Zeke/Desktop/Go/TimeServer/src/command/timeserver/authserver.go:main.exportRoutine:205	Starting JSON backup.
2015-02-20	[DEBUG]	/Users/Zeke/Desktop/Go/TimeServer/src/command/timeserver/authserver.go:main.exportRoutine:232	JSON backup finished!
2015-02-20	[DEBUG]	/Users/Zeke/Desktop/Go/TimeServer/src/command/timeserver/authserver.go:main.exportRoutine:205	Starting JSON backup.
2015-02-20	[DEBUG]	/Users/Zeke/Desktop/Go/TimeServer/src/command/timeserver/authserver.go:main.exportRoutine:232	JSON backup finished!
2015-02-20	[INFO]	/Users/Zeke/Desktop/Go/TimeServer/src/command/authserver/authserver.go:main.main:259	The log file path is /Users/Zeke/Desktop/Go/TimeServer/etc/seelog.xml
2015-02-20	[DEBUG]	/Users/Zeke/Desktop/Go/TimeServer/src/command/authserver/authserver.go:main.exportRoutine:205	Starting JSON backup.
2015-02-20	[DEBUG]	/Users/Zeke/Desktop/Go/TimeServer/src/command/authserver/authserver.go:main.exportRoutine:232	JSON backup finished!
2015-02-20	[DEBUG]	/Users/Zeke/Desktop/Go/TimeServer/src/command/authserver/authserver.go:main.exportRoutine:205	Starting JSON backup.
2015-02-20	[DEBUG]	/Users/Zeke/Desktop/Go/TimeServer/src/command/authserver/authserver.go:main.exportRoutine:232	JSON backup finished!
2015-02-20	[DEBUG]	/Users/Zeke/Desktop/Go/TimeServer/src/command/authserver/authserver.go:main.exportRoutine:205	Starting JSON backup.
2015-02-20	[DEBUG]	/Users/Zeke/Desktop/Go/TimeServer/src/command/authserver/authserver.go:main.exportRoutine:232	JSON backup finished!
2015-02-20	[DEBUG]	/Users/Zeke/Desktop/Go/TimeServer/src/command/authserver/authserver.go:main.exportRoutine:205	Starting JSON backup.
2015-02-20	[DEBUG]	/Users/Zeke/Desktop/Go/TimeServer/src/command/authserver/authserver.go:main.exportRoutine:232	JSON backup finished!
2015-02-20	[DEBUG]	/Users/Zeke/Desktop/Go/TimeServer/src/command/authserver/authserver.go:main.exportRoutine:205	Starting JSON backup.
2015-02-20	[DEBUG]	/Users/Zeke/Desktop/Go/TimeServer/src/command/authserver/authserver.go:main.exportRoutine:232	JSON backup finished!
2015-02-20	[DEBUG]	/Users/Zeke/Desktop/Go/TimeServer/src/command/authserver/authserver.go:main.exportRoutine:205	Starting JSON backup.
2015-02-20	[DEBUG]	/Users/Zeke/Desktop/Go/TimeServer/src/command/authserver/authserver.go:main.exportRoutine:232	JSON backup finished!
2015-02-20	[DEBUG]	/Users/Zeke/Desktop/Go/TimeServer/src/command/authserver/authserver.go:main.exportRoutine:205	Starting JSON backup.
2015-02-20	[DEBUG]	/Users/Zeke/Desktop/Go/TimeServer/src/command/authserver/authserver.go:main.exportRoutine:232	JSON backup finished!
2015-02-20	[DEBUG]	/Users/Zeke/Desktop/Go/TimeServer/src/command/authserver/authserver.go:main.exportRoutine:205	Starting JSON backup.
2015-02-20	[DEBUG]	/Users/Zeke/Desktop/Go/TimeServer/src/command/authserver/authserver.go:main.exportRoutine:232	JSON backup finished!
2015-02-20	[DEBUG]	/Users/Zeke/Desktop/Go/TimeServer/src/command/authserver/authserver.go:main.exportRoutine:205	Starting JSON backup.
2015-02-20	[DEBUG]	/Users/Zeke/Desktop/Go/TimeServer/src/command/authserver/authserver.go:main.exportRoutine:232	JSON backup finished!
2015-02-20	[DEBUG]	/Users/Zeke/Desktop/Go/TimeServer/src/command/authserver/authserver.go:main.exportRoutine:205	Starting JSON backup.
2015-02-20	[DEBUG]	/Users/Zeke/Desktop/Go/TimeServer/src/command/authserver/authserver.go:main.exportRoutine:232	JSON backup finished!
2015-02-20	[DEBUG]	/Users/Zeke/Desktop/Go/TimeServer/src/command/authserver/authserver.go:main.exportRoutine:205	Starting JSON backup.
2015-02-20	[DEBUG]	/Users/Zeke/Desktop/Go/TimeServer/src/command/authserver/authserver.go:main.exportRoutine:232	JSON backup finished!
2015-02-20	[DEBUG]	/Users/Zeke/Desktop/Go/TimeServer/src/command/authserver/authserver.go:main.exportRoutine:205	Starting JSON backup.
2015-02-20	[DEBUG]	/Users/Zeke/Desktop/Go/TimeServer/src/command/authserver/authserver.go:main.exportRoutine:232	JSON backup finished!
2015-02-20	[DEBUG]	/Users/Zeke/Desktop/Go/TimeServer/src/command/authserver/authserver.go:main.exportRoutine:205	Starting JSON backup.
2015-02-20	[DEBUG]	/Users/Zeke/Desktop/Go/TimeServer/src/command/authserver/authserver.go:main.exportRoutine:232	JSON backup finished!
2015-02-20	[DEBUG]	/Users/Zeke/Desktop/Go/TimeServer/src/command/authserver/authserver.go:main.exportRoutine:205	Starting JSON backup.
2015-02-20	[DEBUG]	/Users/Zeke/Desktop/Go/TimeServer/src/command/authserver/authserver.go:main.exportRoutine:232	JSON backup finished!
2015-02-20	[DEBUG]	/Users/Zeke/Desktop/Go/TimeServer/src/command/authserver/authserver.go:main.exportRoutine:205	Starting JSON backup.
2015-02-20	[DEBUG]	/Users/Zeke/Desktop/Go/TimeServer/src/command/authserver/authserver.go:main.exportRoutine:232	JSON backup finished!
2015-02-20	[DEBUG]	/Users/Zeke/Desktop/Go/TimeServer/src/command/authserver/authserver.go:main.exportRoutine:205	Starting JSON backup.
2015-02-20	[DEBUG]	/Users/Zeke/Desktop/Go/TimeServer/src/command/authserver/authserver.go:main.exportRoutine:232	JSON backup finished!
2015-02-20	[DEBUG]	/Users/Zeke/Desktop/Go/TimeServer/src/command/authserver/authserver.go:main.exportRoutine:205	Starting JSON backup.
2015-02-20	[DEBUG]	/Users/Zeke/Desktop/Go/TimeServer/src/command/authserver/authserver.go:main.exportRoutine:232	JSON backup finished!
2015-02-20	[DEBUG]	/Users/Zeke/Desktop/Go/TimeServer/src/command/authserver/authserver.go:main.exportRoutine:205	Starting JSON backup.
2015-02-20	[DEBUG]	/Users/Zeke/Desktop/Go/TimeServer/src/command/authserver/authserver.go:main.exportRoutine:232	JSON backup finished!
2015-02-20	[DEBUG]	/Users/Zeke/Desktop/Go/TimeServer/src/command/authserver/authserver.go:main.exportRoutine:205	Starting JSON backup.
2015-02-20	[DEBUG]	/Users/Zeke/Desktop/Go/TimeServer/src/command/authserver/authserver.go:main.exportRoutine:232	JSON backup finished!
2015-02-20	[DEBUG]	/Users/Zeke/Desktop/Go/TimeServer/src/command/authserver/authserver.go:main.exportRoutine:205	Starting JSON backup.
2015-02-20	[DEBUG]	/Users/Zeke/Desktop/Go/TimeServer/src/command/authserver/authserver.go:main.exportRoutine:232	JSON backup finished!
2015-02-20	[DEBUG]	/Users/Zeke/Desktop/Go/TimeServer/src/command/authserver/authserver.go:main.exportRoutine:205	Starting JSON backup.
2015-02-20	[DEBUG]	/Users/Zeke/Desktop/Go/TimeServer/src/command/authserver/authserver.go:main.exportRoutine:232	JSON backup finished!
2015-02-20	[DEBUG]	/Users/Zeke/Desktop/Go/TimeServer/src/command/authserver/authserver.go:main.exportRoutine:205	Starting JSON backup.
2015-02-20	[DEBUG]	/Users/Zeke/Desktop/Go/TimeServer/src/command/authserver/authserver.go:main.exportRoutine:232	JSON backup finished!
2015-02-20	[DEBUG]	/Users/Zeke/Desktop/Go/TimeServer/src/command/authserver/authserver.go:main.exportRoutine:205	Starting JSON backup.
2015-02-20	[DEBUG]	/Users/Zeke/Desktop/Go/TimeServer/src/command/authserver/authserver.go:main.exportRoutine:232	JSON backup finished!
2015-02-20	[DEBUG]	/Users/Zeke/Desktop/Go/TimeServer/src/command/authserver/authserver.go:main.exportRoutine:205	Starting JSON backup.
2015-02-20	[DEBUG]	/Users/Zeke/Desktop/Go/TimeServer/src/command/authserver/authserver.go:main.exportRoutine:232	JSON backup finished!
2015-02-20	[DEBUG]	/Users/Zeke/Desktop/Go/TimeServer/src/command/authserver/authserver.go:main.exportRoutine:205	Starting JSON backup.
2015-02-20	[DEBUG]	/Users/Zeke/Desktop/Go/TimeServer/src/command/authserver/authserver.go:main.exportRoutine:232	JSON backup finished!
2015-02-20	[DEBUG]	/Users/Zeke/Desktop/Go/TimeServer/src/command/authserver/authserver.go:main.exportRoutine:205	Starting JSON backup.
2015-02-20	[DEBUG]	/Users/Zeke/Desktop/Go/TimeServer/src/command/authserver/authserver.go:main.exportRoutine:232	JSON backup finished!
2015-02-20	[DEBUG]	/Users/Zeke/Desktop/Go/TimeServer/src/command/authserver/authserver.go:main.exportRoutine:205	Starting JSON backup.
2015-02-20	[DEBUG]	/Users/Zeke/Desktop/Go/TimeServer/src/command/authserver/authserver.go:main.exportRoutine:232	JSON backup finished!
2015-02-20	[DEBUG]	/Users/Zeke/Desktop/Go/TimeServer/src/command/authserver/authserver.go:main.exportRoutine:205	Starting JSON backup.
2015-02-20	[DEBUG]	/Users/Zeke/Desktop/Go/TimeServer/src/command/authserver/authserver.go:main.exportRoutine:232	JSON backup finished!
2015-02-20	[DEBUG]	/Users/Zeke/Desktop/Go/TimeServer/src/command/authserver/authserver.go:main.exportRoutine:205	Starting JSON backup.
2015-02-20	[DEBUG]	/Users/Zeke/Desktop/Go/TimeServer/src/command/authserver/authserver.go:main.exportRoutine:232	JSON backup finished!
2015-02-20	[DEBUG]	/Users/Zeke/Desktop/Go/TimeServer/src/command/authserver/authserver.go:main.exportRoutine:205	Starting JSON backup.
2015-02-20	[DEBUG]	/Users/Zeke/Desktop/Go/TimeServer/src/command/authserver/authserver.go:main.exportRoutine:232	JSON backup finished!
2015-02-20	[INFO]	/Users/Zeke/Desktop/Go/TimeServer/src/command/authserver/authserver.go:main.main:259	The log file path is /Users/Zeke/Desktop/Go/TimeServer/etc/seelog.xml
2015-02-20	[DEBUG]	/Users/Zeke/Desktop/Go/TimeServer/src/command/authserver/authserver.go:main.exportRoutine:205	Starting JSON backup.
2015-02-20	[DEBUG]	/Users/Zeke/Desktop/Go/TimeServer/src/command/authserver/authserver.go:main.exportRoutine:232	JSON backup finished!
2015-02-20	[DEBUG]	/Users/Zeke/Desktop/Go/TimeServer/src/command/authserver/authserver.go:main.exportRoutine:205	Starting JSON backup.
2015-02-20	[DEBUG]	/Users/Zeke/Desktop/Go/TimeServer/src/command/authserver/authserver.go:main.exportRoutine:232	JSON backup finished!
2015-02-20	[DEBUG]	/Users/Zeke/Desktop/Go/TimeServer/src/command/authserver/authserver.go:main.exportRoutine:205	Starting JSON backup.
2015-02-20	[DEBUG]	/Users/Zeke/Desktop/Go/TimeServer/src/command/authserver/authserver.go:main.exportRoutine:232	JSON backup finished!
2015-02-20	[DEBUG]	/Users/Zeke/Desktop/Go/TimeServer/src/command/authserver/authserver.go:main.exportRoutine:205	Starting JSON backup.
2015-02-20	[DEBUG]	/Users/Zeke/Desktop/Go/TimeServer/src/command/authserver/authserver.go:main.exportRoutine:232	JSON backup finished!
2015-02-20	[DEBUG]	/Users/Zeke/Desktop/Go/TimeServer/src/command/authserver/authserver.go:main.exportRoutine:205	Starting JSON backup.
2015-02-20	[DEBUG]	/Users/Zeke/Desktop/Go/TimeServer/src/command/authserver/authserver.go:main.exportRoutine:232	JSON backup finished!
2015-02-20	[DEBUG]	/Users/Zeke/Desktop/Go/TimeServer/src/command/authserver/authserver.go:main.exportRoutine:205	Starting JSON backup.
2015-02-20	[DEBUG]	/Users/Zeke/Desktop/Go/TimeServer/src/command/authserver/authserver.go:main.exportRoutine:232	JSON backup finished!
2015-02-20	[DEBUG]	/Users/Zeke/Desktop/Go/TimeServer/src/command/authserver/authserver.go:main.exportRoutine:205	Starting JSON backup.
2015-02-20	[DEBUG]	/Users/Zeke/Desktop/Go/TimeServer/src/command/authserver/authserver.go:main.exportRoutine:232	JSON backup finished!
2015-02-20	[DEBUG]	/Users/Zeke/Desktop/Go/TimeServer/src/command/authserver/authserver.go:main.exportRoutine:205	Starting JSON backup.
2015-02-20	[DEBUG]	/Users/Zeke/Desktop/Go/TimeServer/src/command/authserver/authserver.go:main.exportRoutine:232	JSON backup finished!
2015-02-20	[DEBUG]	/Users/Zeke/Desktop/Go/TimeServer/src/command/authserver/authserver.go:main.exportRoutine:205	Starting JSON backup.
2015-02-20	[DEBUG]	/Users/Zeke/Desktop/Go/TimeServer/src/command/authserver/authserver.go:main.exportRoutine:232	JSON backup finished!
2015-02-20	[DEBUG]	/Users/Zeke/Desktop/Go/TimeServer/src/command/authserver/authserver.go:main.exportRoutine:205	Starting JSON backup.
2015-02-20	[DEBUG]	/Users/Zeke/Desktop/Go/TimeServer/src/command/authserver/authserver.go:main.exportRoutine:232	JSON backup finished!
2015-02-20	[INFO]	/Users/Zeke/Desktop/Go/TimeServer/src/command/authserver/authserver.go:main.main:259	The log file path is /Users/Zeke/Desktop/Go/TimeServer/etc/seelog.xml
2015-02-20	[INFO]	/Users/Zeke/Desktop/Go/TimeServer/src/command/authserver/authserver.go:main.main:259	The log file path is /Users/Zeke/Desktop/Go/TimeServer/etc/seelog.xml
2015-02-20	[ERROR]	/Users/Zeke/Desktop/Go/TimeServer/src/command/authserver/authserver.go:main.main:269	Server err:listen tcp: unknown port tcp/=8091
2015-02-20	[INFO]	/Users/Zeke/Desktop/Go/TimeServer/src/command/authserver/authserver.go:main.main:259	The log file path is /Users/Zeke/Desktop/Go/TimeServer/etc/seelog.xml
2015-02-20	[ERROR]	/Users/Zeke/Desktop/Go/TimeServer/src/command/authserver/authserver.go:main.main:269	Server err:listen tcp: unknown port tcp/=8091
2015-02-20	[INFO]	/Users/Zeke/Desktop/Go/TimeServer/src/command/authserver/authserver.go:main.main:259	The log file path is /Users/Zeke/Desktop/Go/TimeServer/etc/seelog.xml
2015-02-20	[ERROR]	/Users/Zeke/Desktop/Go/TimeServer/src/command/authserver/authserver.go:main.main:269	Server err:listen tcp: unknown port tcp/=8091
2015-02-20	[INFO]	/Users/Zeke/Desktop/Go/TimeServer/src/command/authserver/authserver.go:main.main:259	The log file path is /Users/Zeke/Desktop/Go/TimeServer/etc/seelog.xml
2015-02-20	[INFO]	/Users/Zeke/Desktop/Go/TimeServer/src/command/authserver/authserver.go:main.main:259	The log file path is /Users/Zeke/Desktop/Go/TimeServer/etc/seelog.xml
2015-02-20	[DEBUG]	/Users/Zeke/Desktop/Go/TimeServer/src/command/authserver/authserver.go:main.exportRoutine:205	Starting JSON backup.
2015-02-20	[DEBUG]	/Users/Zeke/Desktop/Go/TimeServer/src/command/authserver/authserver.go:main.exportRoutine:232	JSON backup finished!
2015-02-20	[DEBUG]	/Users/Zeke/Desktop/Go/TimeServer/src/command/authserver/authserver.go:main.exportRoutine:205	Starting JSON backup.
2015-02-20	[DEBUG]	/Users/Zeke/Desktop/Go/TimeServer/src/command/authserver/authserver.go:main.exportRoutine:232	JSON backup finished!
2015-02-20	[DEBUG]	/Users/Zeke/Desktop/Go/TimeServer/src/command/authserver/authserver.go:main.exportRoutine:205	Starting JSON backup.
2015-02-20	[DEBUG]	/Users/Zeke/Desktop/Go/TimeServer/src/command/authserver/authserver.go:main.exportRoutine:232	JSON backup finished!
2015-02-20	[DEBUG]	/Users/Zeke/Desktop/Go/TimeServer/src/command/authserver/authserver.go:main.exportRoutine:205	Starting JSON backup.
2015-02-20	[DEBUG]	/Users/Zeke/Desktop/Go/TimeServer/src/command/authserver/authserver.go:main.exportRoutine:232	JSON backup finished!
2015-02-20	[INFO]	/Users/Zeke/Desktop/Go/TimeServer/src/command/authserver/authserver.go:main.main:259	The log file path is /Users/Zeke/Desktop/Go/TimeServer/etc/seelog.xml
2015-02-20	[DEBUG]	/Users/Zeke/Desktop/Go/TimeServer/src/command/authserver/authserver.go:main.exportRoutine:205	Starting JSON backup.
2015-02-20	[DEBUG]	/Users/Zeke/Desktop/Go/TimeServer/src/command/authserver/authserver.go:main.exportRoutine:232	JSON backup finished!
2015-02-20	[DEBUG]	/Users/Zeke/Desktop/Go/TimeServer/src/command/authserver/authserver.go:main.exportRoutine:205	Starting JSON backup.
2015-02-20	[DEBUG]	/Users/Zeke/Desktop/Go/TimeServer/src/command/authserver/authserver.go:main.exportRoutine:232	JSON backup finished!
2015-02-20	[DEBUG]	/Users/Zeke/Desktop/Go/TimeServer/src/command/authserver/authserver.go:main.exportRoutine:205	Starting JSON backup.
2015-02-20	[DEBUG]	/Users/Zeke/Desktop/Go/TimeServer/src/command/authserver/authserver.go:main.exportRoutine:232	JSON backup finished!
2015-02-20	[DEBUG]	/Users/Zeke/Desktop/Go/TimeServer/src/command/authserver/authserver.go:main.exportRoutine:205	Starting JSON backup.
2015-02-20	[DEBUG]	/Users/Zeke/Desktop/Go/TimeServer/src/command/authserver/authserver.go:main.exportRoutine:232	JSON backup finished!
2015-02-20	[INFO]	/Users/Zeke/Desktop/Go/TimeServer/src/command/authserver/authserver.go:main.main:259	The log file path is /Users/Zeke/Desktop/Go/TimeServer/etc/seelog.xml
2015-02-20	[DEBUG]	/Users/Zeke/Desktop/Go/TimeServer/src/command/authserver/authserver.go:main.exportRoutine:205	Starting JSON backup.
2015-02-20	[DEBUG]	/Users/Zeke/Desktop/Go/TimeServer/src/command/authserver/authserver.go:main.exportRoutine:232	JSON backup finished!
2015-02-20	[DEBUG]	/Users/Zeke/Desktop/Go/TimeServer/src/command/authserver/authserver.go:main.exportRoutine:205	Starting JSON backup.
2015-02-20	[DEBUG]	/Users/Zeke/Desktop/Go/TimeServer/src/command/authserver/authserver.go:main.exportRoutine:232	JSON backup finished!
2015-02-20	[DEBUG]	/Users/Zeke/Desktop/Go/TimeServer/src/command/authserver/authserver.go:main.exportRoutine:205	Starting JSON backup.
2015-02-20	[DEBUG]	/Users/Zeke/Desktop/Go/TimeServer/src/command/authserver/authserver.go:main.exportRoutine:232	JSON backup finished!
2015-02-20	[DEBUG]	/Users/Zeke/Desktop/Go/TimeServer/src/command/authserver/authserver.go:main.exportRoutine:205	Starting JSON backup.
2015-02-20	[DEBUG]	/Users/Zeke/Desktop/Go/TimeServer/src/command/authserver/authserver.go:main.exportRoutine:232	JSON backup finished!
2015-02-20	[DEBUG]	/Users/Zeke/Desktop/Go/TimeServer/src/command/authserver/authserver.go:main.exportRoutine:205	Starting JSON backup.
2015-02-20	[DEBUG]	/Users/Zeke/Desktop/Go/TimeServer/src/command/authserver/authserver.go:main.exportRoutine:232	JSON backup finished!
2015-02-20	[DEBUG]	/Users/Zeke/Desktop/Go/TimeServer/src/command/authserver/authserver.go:main.exportRoutine:205	Starting JSON backup.
2015-02-20	[DEBUG]	/Users/Zeke/Desktop/Go/TimeServer/src/command/authserver/authserver.go:main.exportRoutine:232	JSON backup finished!
2015-02-20	[DEBUG]	/Users/Zeke/Desktop/Go/TimeServer/src/command/authserver/authserver.go:main.exportRoutine:205	Starting JSON backup.
2015-02-20	[DEBUG]	/Users/Zeke/Desktop/Go/TimeServer/src/command/authserver/authserver.go:main.exportRoutine:232	JSON backup finished!
2015-02-20	[DEBUG]	/Users/Zeke/Desktop/Go/TimeServer/src/command/authserver/authserver.go:main.exportRoutine:205	Starting JSON backup.
2015-02-20	[DEBUG]	/Users/Zeke/Desktop/Go/TimeServer/src/command/authserver/authserver.go:main.exportRoutine:232	JSON backup finished!
2015-02-20	[DEBUG]	/Users/Zeke/Desktop/Go/TimeServer/src/command/authserver/authserver.go:main.exportRoutine:205	Starting JSON backup.
2015-02-20	[DEBUG]	/Users/Zeke/Desktop/Go/TimeServer/src/command/authserver/authserver.go:main.exportRoutine:232	JSON backup finished!
2015-02-20	[DEBUG]	/Users/Zeke/Desktop/Go/TimeServer/src/command/authserver/authserver.go:main.exportRoutine:205	Starting JSON backup.
2015-02-20	[DEBUG]	/Users/Zeke/Desktop/Go/TimeServer/src/command/authserver/authserver.go:main.exportRoutine:232	JSON backup finished!
2015-02-20	[DEBUG]	/Users/Zeke/Desktop/Go/TimeServer/src/command/authserver/authserver.go:main.exportRoutine:205	Starting JSON backup.
2015-02-20	[DEBUG]	/Users/Zeke/Desktop/Go/TimeServer/src/command/authserver/authserver.go:main.exportRoutine:232	JSON backup finished!
2015-02-20	[DEBUG]	/Users/Zeke/Desktop/Go/TimeServer/src/command/authserver/authserver.go:main.exportRoutine:205	Starting JSON backup.
2015-02-20	[DEBUG]	/Users/Zeke/Desktop/Go/TimeServer/src/command/authserver/authserver.go:main.exportRoutine:232	JSON backup finished!
2015-02-20	[DEBUG]	/Users/Zeke/Desktop/Go/TimeServer/src/command/authserver/authserver.go:main.exportRoutine:205	Starting JSON backup.
2015-02-20	[DEBUG]	/Users/Zeke/Desktop/Go/TimeServer/src/command/authserver/authserver.go:main.exportRoutine:232	JSON backup finished!
2015-02-20	[DEBUG]	/Users/Zeke/Desktop/Go/TimeServer/src/command/authserver/authserver.go:main.exportRoutine:205	Starting JSON backup.
2015-02-20	[DEBUG]	/Users/Zeke/Desktop/Go/TimeServer/src/command/authserver/authserver.go:main.exportRoutine:232	JSON backup finished!
2015-02-20	[DEBUG]	/Users/Zeke/Desktop/Go/TimeServer/src/command/authserver/authserver.go:main.exportRoutine:205	Starting JSON backup.
2015-02-20	[DEBUG]	/Users/Zeke/Desktop/Go/TimeServer/src/command/authserver/authserver.go:main.exportRoutine:232	JSON backup finished!
2015-02-20	[DEBUG]	/Users/Zeke/Desktop/Go/TimeServer/src/command/authserver/authserver.go:main.exportRoutine:205	Starting JSON backup.
2015-02-20	[DEBUG]	/Users/Zeke/Desktop/Go/TimeServer/src/command/authserver/authserver.go:main.exportRoutine:232	JSON backup finished!
2015-02-20	[DEBUG]	/Users/Zeke/Desktop/Go/TimeServer/src/command/authserver/authserver.go:main.exportRoutine:205	Starting JSON backup.
2015-02-20	[DEBUG]	/Users/Zeke/Desktop/Go/TimeServer/src/command/authserver/authserver.go:main.exportRoutine:232	JSON backup finished!
2015-02-20	[DEBUG]	/Users/Zeke/Desktop/Go/TimeServer/src/command/authserver/authserver.go:main.exportRoutine:205	Starting JSON backup.
2015-02-20	[DEBUG]	/Users/Zeke/Desktop/Go/TimeServer/src/command/authserver/authserver.go:main.exportRoutine:232	JSON backup finished!
2015-02-20	[DEBUG]	/Users/Zeke/Desktop/Go/TimeServer/src/command/authserver/authserver.go:main.exportRoutine:205	Starting JSON backup.
2015-02-20	[DEBUG]	/Users/Zeke/Desktop/Go/TimeServer/src/command/authserver/authserver.go:main.exportRoutine:232	JSON backup finished!
2015-02-20	[DEBUG]	/Users/Zeke/Desktop/Go/TimeServer/src/command/authserver/authserver.go:main.exportRoutine:205	Starting JSON backup.
2015-02-20	[DEBUG]	/Users/Zeke/Desktop/Go/TimeServer/src/command/authserver/authserver.go:main.exportRoutine:232	JSON backup finished!
2015-02-20	[DEBUG]	/Users/Zeke/Desktop/Go/TimeServer/src/command/authserver/authserver.go:main.exportRoutine:205	Starting JSON backup.
2015-02-20	[DEBUG]	/Users/Zeke/Desktop/Go/TimeServer/src/command/authserver/authserver.go:main.exportRoutine:232	JSON backup finished!
2015-02-20	[DEBUG]	/Users/Zeke/Desktop/Go/TimeServer/src/command/authserver/authserver.go:main.exportRoutine:205	Starting JSON backup.
2015-02-20	[DEBUG]	/Users/Zeke/Desktop/Go/TimeServer/src/command/authserver/authserver.go:main.exportRoutine:232	JSON backup finished!
2015-02-20	[DEBUG]	/Users/Zeke/Desktop/Go/TimeServer/src/command/authserver/authserver.go:main.exportRoutine:205	Starting JSON backup.
2015-02-20	[DEBUG]	/Users/Zeke/Desktop/Go/TimeServer/src/command/authserver/authserver.go:main.exportRoutine:232	JSON backup finished!
2015-02-20	[DEBUG]	/Users/Zeke/Desktop/Go/TimeServer/src/command/authserver/authserver.go:main.exportRoutine:205	Starting JSON backup.
2015-02-20	[DEBUG]	/Users/Zeke/Desktop/Go/TimeServer/src/command/authserver/authserver.go:main.exportRoutine:232	JSON backup finished!
2015-02-20	[DEBUG]	/Users/Zeke/Desktop/Go/TimeServer/src/command/authserver/authserver.go:main.exportRoutine:205	Starting JSON backup.
2015-02-20	[DEBUG]	/Users/Zeke/Desktop/Go/TimeServer/src/command/authserver/authserver.go:main.exportRoutine:232	JSON backup finished!
2015-02-20	[DEBUG]	/Users/Zeke/Desktop/Go/TimeServer/src/command/authserver/authserver.go:main.exportRoutine:205	Starting JSON backup.
2015-02-20	[DEBUG]	/Users/Zeke/Desktop/Go/TimeServer/src/command/authserver/authserver.go:main.exportRoutine:232	JSON backup finished!
2015-02-20	[DEBUG]	/Users/Zeke/Desktop/Go/TimeServer/src/command/authserver/authserver.go:main.exportRoutine:205	Starting JSON backup.
2015-02-20	[DEBUG]	/Users/Zeke/Desktop/Go/TimeServer/src/command/authserver/authserver.go:main.exportRoutine:232	JSON backup finished!
2015-02-20	[DEBUG]	/Users/Zeke/Desktop/Go/TimeServer/src/command/authserver/authserver.go:main.exportRoutine:205	Starting JSON backup.
2015-02-20	[DEBUG]	/Users/Zeke/Desktop/Go/TimeServer/src/command/authserver/authserver.go:main.exportRoutine:232	JSON backup finished!
2015-02-20	[DEBUG]	/Users/Zeke/Desktop/Go/TimeServer/src/command/authserver/authserver.go:main.exportRoutine:205	Starting JSON backup.
2015-02-20	[DEBUG]	/Users/Zeke/Desktop/Go/TimeServer/src/command/authserver/authserver.go:main.exportRoutine:232	JSON backup finished!
2015-02-20	[DEBUG]	/Users/Zeke/Desktop/Go/TimeServer/src/command/authserver/authserver.go:main.exportRoutine:205	Starting JSON backup.
2015-02-20	[DEBUG]	/Users/Zeke/Desktop/Go/TimeServer/src/command/authserver/authserver.go:main.exportRoutine:232	JSON backup finished!
2015-02-20	[DEBUG]	/Users/Zeke/Desktop/Go/TimeServer/src/command/authserver/authserver.go:main.exportRoutine:205	Starting JSON backup.
2015-02-20	[DEBUG]	/Users/Zeke/Desktop/Go/TimeServer/src/command/authserver/authserver.go:main.exportRoutine:232	JSON backup finished!
2015-02-20	[DEBUG]	/Users/Zeke/Desktop/Go/TimeServer/src/command/authserver/authserver.go:main.exportRoutine:205	Starting JSON backup.
2015-02-20	[DEBUG]	/Users/Zeke/Desktop/Go/TimeServer/src/command/authserver/authserver.go:main.exportRoutine:232	JSON backup finished!
2015-02-20	[DEBUG]	/Users/Zeke/Desktop/Go/TimeServer/src/command/authserver/authserver.go:main.exportRoutine:205	Starting JSON backup.
2015-02-20	[DEBUG]	/Users/Zeke/Desktop/Go/TimeServer/src/command/authserver/authserver.go:main.exportRoutine:232	JSON backup finished!
