2015-01-31	[INFO]	/Users/Zeke/Desktop/go/Assignment3/src/TimeServer.go:main.homeHandler:78	Page Loaded. RemoteAddress:127.0.0.1:59616 Method:GET URL:/
2015-01-31	[INFO]	/Users/Zeke/Desktop/go/Assignment3/src/TimeServer.go:main.loginHandler:102	Page Loaded. RemoteAddress:127.0.0.1:59616 Method:GET URL:/login
2015-01-31	[INFO]	/Users/Zeke/Desktop/go/Assignment3/src/TimeServer.go:main.homeHandler:78	Page Loaded. RemoteAddress:127.0.0.1:59616 Method:GET URL:/favicon.ico
2015-01-31	[WARN]	/Users/Zeke/Desktop/go/Assignment3/src/TimeServer.go:main.homeHandler:84	404 Page Not Found: 127.0.0.1:59616 GET /favicon.ico
2015-01-31	[INFO]	/Users/Zeke/Desktop/go/Assignment3/src/TimeServer.go:main.homeHandler:78	Page Loaded. RemoteAddress:127.0.0.1:59618 Method:GET URL:/index.html
2015-01-31	[INFO]	/Users/Zeke/Desktop/go/Assignment3/src/TimeServer.go:main.loginHandler:102	Page Loaded. RemoteAddress:127.0.0.1:59618 Method:GET URL:/login
2015-01-31	[INFO]	/Users/Zeke/Desktop/go/Assignment3/src/TimeServer.go:main.loginHandler:102	Page Loaded. RemoteAddress:127.0.0.1:59618 Method:POST URL:/login
2015-01-31	[INFO]	/Users/Zeke/Desktop/go/Assignment3/src/TimeServer.go:main.homeHandler:78	Page Loaded. RemoteAddress:127.0.0.1:59618 Method:GET URL:/
2015-01-31	[INFO]	/Users/Zeke/Desktop/go/Assignment3/src/TimeServer.go:main.homeHandler:78	Page Loaded. RemoteAddress:127.0.0.1:59618 Method:GET URL:/index.html
2015-01-31	[DEBUG]	/Users/Zeke/Desktop/go/Assignment3/src/TimeServer.go:main.homeHandler:77	Page Loaded. RemoteAddress:127.0.0.1:59669 Method:GET URL:/
2015-01-31	[DEBUG]	/Users/Zeke/Desktop/go/Assignment3/src/TimeServer.go:main.loginHandler:101	Page Loaded. RemoteAddress:127.0.0.1:59669 Method:GET URL:/login
2015-01-31	[DEBUG]	/Users/Zeke/Desktop/go/Assignment3/src/TimeServer.go:main.timeHandler:191	Page Loaded. RemoteAddress:127.0.0.1:59669 Method:GET URL:/time
2015-01-31	[DEBUG]	/Users/Zeke/Desktop/go/Assignment3/src/TimeServer.go:main.logoutHandler:156	Page Loaded. RemoteAddress:127.0.0.1:59675 Method:GET URL:/logout
2015-01-31	[DEBUG]	/Users/Zeke/Desktop/go/Assignment3/src/TimeServer.go:main.logoutHandler:166	User with UUID 9952E0F2-3AE2-49A8-9F82-16E8E85CA33A logged out.
2015-01-31	[DEBUG]	/Users/Zeke/Desktop/go/Assignment3/src/TimeServer.go:main.timeHandler:191	Page Loaded. RemoteAddress:127.0.0.1:59675 Method:GET URL:/time
2015-01-31	[DEBUG]	/Users/Zeke/Desktop/go/Assignment3/src/TimeServer.go:main.homeHandler:77	Page Loaded. RemoteAddress:127.0.0.1:59675 Method:GET URL:/index.html
2015-01-31	[DEBUG]	/Users/Zeke/Desktop/go/Assignment3/src/TimeServer.go:main.loginHandler:101	Page Loaded. RemoteAddress:127.0.0.1:59675 Method:GET URL:/login
2015-01-31	[DEBUG]	/Users/Zeke/Desktop/go/Assignment3/src/TimeServer.go:main.loginHandler:101	Page Loaded. RemoteAddress:127.0.0.1:59675 Method:POST URL:/login
2015-01-31	[DEBUG]	/Users/Zeke/Desktop/go/Assignment3/src/TimeServer.go:main.loginHandler:137	User logging in. UUID: 40297EFE-4158-410C-8CE8-A51D928E7E13 Name: Zeke
2015-01-31	[DEBUG]	/Users/Zeke/Desktop/go/Assignment3/src/TimeServer.go:main.homeHandler:77	Page Loaded. RemoteAddress:127.0.0.1:59675 Method:GET URL:/
2015-02-02	[DEBUG]	/Users/Zeke/Desktop/go/Assignment3/src/TimeServer.go:main.homeHandler:104	Page Loaded. RemoteAddress:127.0.0.1:51469 Method:GET URL:/
2015-02-02	[DEBUG]	/Users/Zeke/Desktop/go/Assignment3/src/TimeServer.go:main.loginHandler:129	Page Loaded. RemoteAddress:127.0.0.1:51469 Method:GET URL:/login
2015-02-02	[DEBUG]	/Users/Zeke/Desktop/go/Assignment3/src/TimeServer.go:main.loginHandler:129	Page Loaded. RemoteAddress:127.0.0.1:51472 Method:POST URL:/login
2015-02-02	[DEBUG]	/Users/Zeke/Desktop/go/Assignment3/src/TimeServer.go:main.setUserCookie:95	User logging in. UUID: 71EC1BF1-23C5-4C94-9497-653518F45949 Name: Zeke
2015-02-02	[DEBUG]	/Users/Zeke/Desktop/go/Assignment3/src/TimeServer.go:main.homeHandler:104	Page Loaded. RemoteAddress:127.0.0.1:51472 Method:GET URL:/
2015-02-02	[DEBUG]	/Users/Zeke/Desktop/go/Assignment3/src/TimeServer.go:main.timeHandler:196	Page Loaded. RemoteAddress:127.0.0.1:51472 Method:GET URL:/time
2015-02-02	[DEBUG]	/Users/Zeke/Desktop/go/Assignment3/src/TimeServer.go:main.homeHandler:104	Page Loaded. RemoteAddress:127.0.0.1:51472 Method:GET URL:/index.html
2015-02-02	[DEBUG]	/Users/Zeke/Desktop/go/Assignment3/src/TimeServer.go:main.logoutHandler:156	Page Loaded. RemoteAddress:127.0.0.1:51472 Method:GET URL:/logout
2015-02-02	[DEBUG]	/Users/Zeke/Desktop/go/Assignment3/src/TimeServer.go:main.logoutHandler:166	User with UUID logged out. UUID: 71EC1BF1-23C5-4C94-9497-653518F45949
2015-02-02	[DEBUG]	/Users/Zeke/Desktop/go/Assignment3/src/TimeServer.go:main.homeHandler:104	Page Loaded. RemoteAddress:127.0.0.1:51472 Method:GET URL:/index.html
2015-02-02	[DEBUG]	/Users/Zeke/Desktop/go/Assignment3/src/TimeServer.go:main.loginHandler:129	Page Loaded. RemoteAddress:127.0.0.1:51472 Method:GET URL:/login
2015-02-02	[DEBUG]	/Users/Zeke/Desktop/go/Assignment3/src/TimeServer.go:main.loginHandler:129	Page Loaded. RemoteAddress:127.0.0.1:51472 Method:POST URL:/login
2015-02-02	[DEBUG]	/Users/Zeke/Desktop/go/Assignment3/src/TimeServer.go:main.setUserCookie:95	User logging in. UUID: 29678AE2-0CF9-4B50-9E62-4EA515E971BE Name: Mike
2015-02-02	[DEBUG]	/Users/Zeke/Desktop/go/Assignment3/src/TimeServer.go:main.homeHandler:104	Page Loaded. RemoteAddress:127.0.0.1:51472 Method:GET URL:/
2015-02-02	[DEBUG]	/Users/Zeke/Desktop/go/Assignment3/src/TimeServer.go:main.timeHandler:196	Page Loaded. RemoteAddress:127.0.0.1:51472 Method:GET URL:/time
2015-02-02	[DEBUG]	/Users/Zeke/Desktop/go/Assignment3/src/TimeServer.go:main.homeHandler:118	Page Loaded. RemoteAddress:127.0.0.1:51653 Method:GET URL:/
2015-02-02	[DEBUG]	/Users/Zeke/Desktop/go/Assignment3/src/TimeServer.go:main.loginHandler:143	Page Loaded. RemoteAddress:127.0.0.1:51653 Method:GET URL:/login
2015-02-02	[DEBUG]	/Users/Zeke/Desktop/go/Assignment3/src/TimeServer.go:main.timeHandler:201	Page Loaded. RemoteAddress:127.0.0.1:51653 Method:GET URL:/time
2015-02-02	[DEBUG]	/Users/Zeke/Desktop/go/Assignment3/src/TimeServer.go:main.homeHandler:118	Page Loaded. RemoteAddress:127.0.0.1:51655 Method:GET URL:/index.html
2015-02-02	[DEBUG]	/Users/Zeke/Desktop/go/Assignment3/src/TimeServer.go:main.loginHandler:143	Page Loaded. RemoteAddress:127.0.0.1:51655 Method:GET URL:/login
2015-02-02	[DEBUG]	/Users/Zeke/Desktop/go/Assignment3/src/TimeServer.go:main.loginHandler:143	Page Loaded. RemoteAddress:127.0.0.1:51655 Method:POST URL:/login
2015-02-02	[DEBUG]	/Users/Zeke/Desktop/go/Assignment3/src/TimeServer.go:main.setUserCookie:95	User logging in. UUID: C9311D76-1537-43C3-9617-DF8977B13AED Name: Zeke
2015-02-02	[DEBUG]	/Users/Zeke/Desktop/go/Assignment3/src/TimeServer.go:main.homeHandler:118	Page Loaded. RemoteAddress:127.0.0.1:51655 Method:GET URL:/
2015-02-02	[DEBUG]	/Users/Zeke/Desktop/go/Assignment3/src/TimeServer.go:main.timeHandler:201	Page Loaded. RemoteAddress:127.0.0.1:51655 Method:GET URL:/time
2015-02-02	[DEBUG]	/Users/Zeke/Desktop/go/Assignment3/src/TimeServer.go:main.logoutHandler:170	Page Loaded. RemoteAddress:127.0.0.1:51655 Method:GET URL:/logout
2015-02-02	[DEBUG]	/Users/Zeke/Desktop/go/Assignment3/src/TimeServer.go:main.logoutCookie:113	User with UUID logged out. UUID: C9311D76-1537-43C3-9617-DF8977B13AED
2015-02-04	[DEBUG]	/Users/Zeke/Desktop/go/Assignment3/src/TimeServer.go:main.homeHandler:118	Page Loaded. RemoteAddress:[::1]:64001 Method:GET URL:/
2015-02-04	[DEBUG]	/Users/Zeke/Desktop/go/Assignment3/src/TimeServer.go:main.loginHandler:143	Page Loaded. RemoteAddress:[::1]:64001 Method:GET URL:/login
2015-02-04	[DEBUG]	/Users/Zeke/Desktop/go/Assignment3/src/TimeServer.go:main.homeHandler:118	Page Loaded. RemoteAddress:[::1]:64003 Method:GET URL:/index.html
2015-02-04	[DEBUG]	/Users/Zeke/Desktop/go/Assignment3/src/TimeServer.go:main.loginHandler:143	Page Loaded. RemoteAddress:[::1]:64003 Method:GET URL:/login
2015-02-04	[DEBUG]	/Users/Zeke/Desktop/go/Assignment3/src/TimeServer.go:main.timeHandler:201	Page Loaded. RemoteAddress:[::1]:64003 Method:GET URL:/time
2015-02-04	[DEBUG]	/Users/Zeke/Desktop/go/Assignment3/src/TimeServer.go:main.homeHandler:118	Page Loaded. RemoteAddress:[::1]:64003 Method:GET URL:/index.html
2015-02-04	[DEBUG]	/Users/Zeke/Desktop/go/Assignment3/src/TimeServer.go:main.loginHandler:143	Page Loaded. RemoteAddress:[::1]:64003 Method:GET URL:/login
2015-02-04	[DEBUG]	/Users/Zeke/Desktop/go/Assignment3/src/TimeServer.go:main.loginHandler:143	Page Loaded. RemoteAddress:[::1]:64003 Method:POST URL:/login
2015-02-04	[DEBUG]	/Users/Zeke/Desktop/go/Assignment3/src/TimeServer.go:main.setUserCookie:95	User logging in. UUID: 3205FF34-1DC2-414B-B12C-3C1A34B8A089 Name: Zeke
2015-02-04	[DEBUG]	/Users/Zeke/Desktop/go/Assignment3/src/TimeServer.go:main.homeHandler:118	Page Loaded. RemoteAddress:[::1]:64003 Method:GET URL:/
2015-02-04	[DEBUG]	/Users/Zeke/Desktop/go/Assignment3/src/TimeServer.go:main.timeHandler:201	Page Loaded. RemoteAddress:[::1]:64003 Method:GET URL:/time
2015-02-04	[DEBUG]	/Users/Zeke/Desktop/go/Assignment3/src/TimeServer.go:main.homeHandler:118	Page Loaded. RemoteAddress:[::1]:64003 Method:GET URL:/index.html
2015-02-04	[DEBUG]	/Users/Zeke/Desktop/go/Assignment3/src/TimeServer.go:main.logoutHandler:170	Page Loaded. RemoteAddress:[::1]:64003 Method:GET URL:/logout
2015-02-04	[DEBUG]	/Users/Zeke/Desktop/go/Assignment3/src/TimeServer.go:main.logoutCookie:113	User with UUID logged out. UUID: 3205FF34-1DC2-414B-B12C-3C1A34B8A089
2015-02-04	[DEBUG]	/Users/Zeke/Desktop/go/Assignment3/src/TimeServer.go:main.homeHandler:118	Page Loaded. RemoteAddress:[::1]:64003 Method:GET URL:/index.html
2015-02-04	[DEBUG]	/Users/Zeke/Desktop/go/Assignment3/src/TimeServer.go:main.loginHandler:143	Page Loaded. RemoteAddress:[::1]:64003 Method:GET URL:/login
2015-02-04	[DEBUG]	/Users/Zeke/Desktop/go/Assignment3/src/TimeServer.go:main.homeHandler:118	Page Loaded. RemoteAddress:[::1]:64003 Method:GET URL:/index.html
2015-02-04	[DEBUG]	/Users/Zeke/Desktop/go/Assignment3/src/TimeServer.go:main.loginHandler:143	Page Loaded. RemoteAddress:[::1]:64003 Method:GET URL:/login
2015-02-04	[DEBUG]	/Users/Zeke/Desktop/go/Assignment3/src/TimeServer.go:main.homeHandler:118	Page Loaded. RemoteAddress:[::1]:64072 Method:GET URL:/
2015-02-04	[DEBUG]	/Users/Zeke/Desktop/go/Assignment3/src/TimeServer.go:main.loginHandler:143	Page Loaded. RemoteAddress:[::1]:64072 Method:GET URL:/login
2015-02-04	[DEBUG]	/Users/Zeke/Desktop/go/Assignment3/src/TimeServer.go:main.loginHandler:143	Page Loaded. RemoteAddress:[::1]:64074 Method:POST URL:/login
2015-02-04	[DEBUG]	/Users/Zeke/Desktop/go/Assignment3/src/TimeServer.go:main.setUserCookie:95	User logging in. UUID: 03BEAAC6-5F6D-4A5F-9DD8-CD7C3AFC0549 Name: Zeke
2015-02-04	[DEBUG]	/Users/Zeke/Desktop/go/Assignment3/src/TimeServer.go:main.homeHandler:118	Page Loaded. RemoteAddress:[::1]:64074 Method:GET URL:/
2015-02-04	[DEBUG]	/Users/Zeke/Desktop/go/Assignment3/src/TimeServer.go:main.timeHandler:201	Page Loaded. RemoteAddress:[::1]:64074 Method:GET URL:/time
2015-02-04	[DEBUG]	/Users/Zeke/Desktop/go/Assignment3/src/TimeServer.go:main.homeHandler:118	Page Loaded. RemoteAddress:[::1]:64074 Method:GET URL:/index.html
2015-02-04	[DEBUG]	/Users/Zeke/Desktop/go/Assignment3/src/TimeServer.go:main.timeHandler:201	Page Loaded. RemoteAddress:[::1]:64074 Method:GET URL:/time
2015-02-04	[DEBUG]	/Users/Zeke/Desktop/go/Assignment3/src/TimeServer.go:main.logoutHandler:170	Page Loaded. RemoteAddress:[::1]:64074 Method:GET URL:/logout
2015-02-04	[DEBUG]	/Users/Zeke/Desktop/go/Assignment3/src/TimeServer.go:main.logoutCookie:113	User with UUID logged out. UUID: 03BEAAC6-5F6D-4A5F-9DD8-CD7C3AFC0549
2015-02-04	[DEBUG]	/Users/Zeke/Desktop/go/Assignment3/src/TimeServer.go:main.homeHandler:118	Page Loaded. RemoteAddress:[::1]:64074 Method:GET URL:/
2015-02-04	[DEBUG]	/Users/Zeke/Desktop/go/Assignment3/src/TimeServer.go:main.loginHandler:143	Page Loaded. RemoteAddress:[::1]:64074 Method:GET URL:/login
2015-02-04	[DEBUG]	/Users/Zeke/Desktop/go/Assignment3/src/TimeServer.go:main.homeHandler:118	Page Loaded. RemoteAddress:[::1]:64097 Method:GET URL:/
2015-02-04	[DEBUG]	/Users/Zeke/Desktop/go/Assignment3/src/TimeServer.go:main.loginHandler:143	Page Loaded. RemoteAddress:[::1]:64097 Method:GET URL:/login
2015-02-04	[DEBUG]	/Users/Zeke/Desktop/go/Assignment3/src/TimeServer.go:main.loginHandler:143	Page Loaded. RemoteAddress:[::1]:64099 Method:POST URL:/login
2015-02-04	[DEBUG]	/Users/Zeke/Desktop/go/Assignment3/src/TimeServer.go:main.setUserCookie:95	User logging in. UUID: C3F4B69F-6030-4B19-9C3B-D7E06C01A1B8 Name: Test
2015-02-04	[DEBUG]	/Users/Zeke/Desktop/go/Assignment3/src/TimeServer.go:main.homeHandler:118	Page Loaded. RemoteAddress:[::1]:64099 Method:GET URL:/
2015-02-04	[DEBUG]	/Users/Zeke/Desktop/go/Assignment3/src/TimeServer.go:main.timeHandler:201	Page Loaded. RemoteAddress:[::1]:64633 Method:GET URL:/time
2015-02-04	[DEBUG]	/Users/Zeke/Desktop/go/Assignment3/src/TimeServer.go:main.homeHandler:118	Page Loaded. RemoteAddress:[::1]:64633 Method:GET URL:/index.html
2015-02-04	[DEBUG]	/Users/Zeke/Desktop/go/Assignment3/src/TimeServer.go:main.loginHandler:143	Page Loaded. RemoteAddress:[::1]:64633 Method:GET URL:/login
2015-02-04	[DEBUG]	/Users/Zeke/Desktop/go/Assignment3/src/TimeServer.go:main.loginHandler:143	Page Loaded. RemoteAddress:[::1]:64633 Method:POST URL:/login
2015-02-04	[DEBUG]	/Users/Zeke/Desktop/go/Assignment3/src/TimeServer.go:main.setUserCookie:95	User logging in. UUID: 0EEA24AC-70F5-410D-9CFE-E689D7DC50A5 Name: Zeke
2015-02-04	[DEBUG]	/Users/Zeke/Desktop/go/Assignment3/src/TimeServer.go:main.homeHandler:118	Page Loaded. RemoteAddress:[::1]:64633 Method:GET URL:/
2015-02-04	[DEBUG]	/Users/Zeke/Desktop/go/Assignment3/src/TimeServer.go:main.homeHandler:118	Page Loaded. RemoteAddress:[::1]:64633 Method:GET URL:/index.html
2015-02-04	[DEBUG]	/Users/Zeke/Desktop/go/Assignment3/src/TimeServer.go:main.timeHandler:201	Page Loaded. RemoteAddress:[::1]:64633 Method:GET URL:/time
2015-02-04	[DEBUG]	/Users/Zeke/Desktop/go/Assignment3/src/TimeServer.go:main.logoutHandler:170	Page Loaded. RemoteAddress:[::1]:64633 Method:GET URL:/logout
2015-02-04	[DEBUG]	/Users/Zeke/Desktop/go/Assignment3/src/TimeServer.go:main.logoutCookie:113	User with UUID logged out. UUID: 0EEA24AC-70F5-410D-9CFE-E689D7DC50A5
2015-02-04	[INFO]	/Users/Zeke/Desktop/go/Assignment3/src/TimeServer.go:main.main:260	Personalized Time Server version 1.2
2015-02-04	[INFO]	/Users/Zeke/Desktop/go/Assignment3/src/TimeServer.go:main.main:260	Personalized Time Server version 1.2
2015-02-04	[DEBUG]	/Users/Zeke/Desktop/go/Assignment3/src/TimeServer.go:main.homeHandler:118	Page Loaded. RemoteAddress:[::1]:64663 Method:GET URL:/
2015-02-04	[DEBUG]	/Users/Zeke/Desktop/go/Assignment3/src/TimeServer.go:main.loginHandler:143	Page Loaded. RemoteAddress:[::1]:64663 Method:GET URL:/login
2015-02-04	[DEBUG]	/Users/Zeke/Desktop/go/Assignment3/src/TimeServer.go:main.homeHandler:118	Page Loaded. RemoteAddress:[::1]:64664 Method:GET URL:/favicon.ico
2015-02-04	[DEBUG]	/Users/Zeke/Desktop/go/Assignment3/src/TimeServer.go:main.pageError:218	Page Loaded. RemoteAddress:[::1]:64664 Method:GET URL:/favicon.ico
2015-02-04	[WARN]	/Users/Zeke/Desktop/go/Assignment3/src/TimeServer.go:main.homeHandler:124	404 Page Not Found: [::1]:64664 GET /favicon.ico
2015-02-04	[INFO]	/Users/Zeke/Desktop/go/Assignment3/src/TimeServer.go:main.main:260	Personalized Time Server version 1.2
2015-02-04	[DEBUG]	/Users/Zeke/Desktop/go/Assignment3/src/TimeServer.go:main.homeHandler:118	Page Loaded. RemoteAddress:[::1]:64693 Method:GET URL:/
2015-02-04	[DEBUG]	/Users/Zeke/Desktop/go/Assignment3/src/TimeServer.go:main.loginHandler:143	Page Loaded. RemoteAddress:[::1]:64693 Method:GET URL:/login
2015-02-04	[DEBUG]	/Users/Zeke/Desktop/go/Assignment3/src/TimeServer.go:main.timeHandler:201	Page Loaded. RemoteAddress:[::1]:64695 Method:GET URL:/time
2015-02-04	[INFO]	/Users/Zeke/Desktop/go/Assignment3/src/TimeServer.go:main.main:260	Personalized Time Server version 1.2
2015-02-04	[DEBUG]	/Users/Zeke/Desktop/go/Assignment3/src/TimeServer.go:main.timeHandler:201	Page Loaded. RemoteAddress:[::1]:64802 Method:GET URL:/time
2015-02-04	[DEBUG]	/Users/Zeke/Desktop/go/Assignment3/src/TimeServer.go:main.homeHandler:118	Page Loaded. RemoteAddress:[::1]:64802 Method:GET URL:/
2015-02-04	[DEBUG]	/Users/Zeke/Desktop/go/Assignment3/src/TimeServer.go:main.loginHandler:143	Page Loaded. RemoteAddress:[::1]:64802 Method:GET URL:/login
2015-02-04	[DEBUG]	/Users/Zeke/Desktop/go/Assignment3/src/TimeServer.go:main.homeHandler:118	Page Loaded. RemoteAddress:[::1]:64802 Method:GET URL:/favicon.ico
2015-02-04	[DEBUG]	/Users/Zeke/Desktop/go/Assignment3/src/TimeServer.go:main.pageError:218	Page Loaded. RemoteAddress:[::1]:64802 Method:GET URL:/favicon.ico
2015-02-04	[DEBUG]	/Users/Zeke/Desktop/go/Assignment3/src/TimeServer.go:main.homeHandler:118	Page Loaded. RemoteAddress:[::1]:64804 Method:GET URL:/favicon.ico
2015-02-04	[DEBUG]	/Users/Zeke/Desktop/go/Assignment3/src/TimeServer.go:main.pageError:218	Page Loaded. RemoteAddress:[::1]:64804 Method:GET URL:/favicon.ico
2015-02-04	[WARN]	/Users/Zeke/Desktop/go/Assignment3/src/TimeServer.go:main.homeHandler:124	404 Page Not Found: [::1]:64802 GET /favicon.ico
2015-02-04	[WARN]	/Users/Zeke/Desktop/go/Assignment3/src/TimeServer.go:main.homeHandler:124	404 Page Not Found: [::1]:64804 GET /favicon.ico
2015-02-04	[DEBUG]	/Users/Zeke/Desktop/go/Assignment3/src/TimeServer.go:main.homeHandler:118	Page Loaded. RemoteAddress:[::1]:64805 Method:GET URL:/
2015-02-04	[DEBUG]	/Users/Zeke/Desktop/go/Assignment3/src/TimeServer.go:main.loginHandler:143	Page Loaded. RemoteAddress:[::1]:64805 Method:GET URL:/login
2015-02-04	[DEBUG]	/Users/Zeke/Desktop/go/Assignment3/src/TimeServer.go:main.homeHandler:118	Page Loaded. RemoteAddress:[::1]:64802 Method:GET URL:/
2015-02-04	[DEBUG]	/Users/Zeke/Desktop/go/Assignment3/src/TimeServer.go:main.homeHandler:118	Page Loaded. RemoteAddress:[::1]:64804 Method:GET URL:/
2015-02-04	[DEBUG]	/Users/Zeke/Desktop/go/Assignment3/src/TimeServer.go:main.loginHandler:143	Page Loaded. RemoteAddress:[::1]:64802 Method:GET URL:/login
2015-02-04	[DEBUG]	/Users/Zeke/Desktop/go/Assignment3/src/TimeServer.go:main.loginHandler:143	Page Loaded. RemoteAddress:[::1]:64804 Method:GET URL:/login
2015-02-04	[DEBUG]	/Users/Zeke/Desktop/go/Assignment3/src/TimeServer.go:main.timeHandler:201	Page Loaded. RemoteAddress:[::1]:64805 Method:GET URL:/time
2015-02-04	[DEBUG]	/Users/Zeke/Desktop/go/Assignment3/src/TimeServer.go:main.homeHandler:118	Page Loaded. RemoteAddress:[::1]:64802 Method:GET URL:/
2015-02-04	[DEBUG]	/Users/Zeke/Desktop/go/Assignment3/src/TimeServer.go:main.homeHandler:118	Page Loaded. RemoteAddress:[::1]:64804 Method:GET URL:/
2015-02-04	[DEBUG]	/Users/Zeke/Desktop/go/Assignment3/src/TimeServer.go:main.loginHandler:143	Page Loaded. RemoteAddress:[::1]:64802 Method:GET URL:/login
2015-02-04	[DEBUG]	/Users/Zeke/Desktop/go/Assignment3/src/TimeServer.go:main.loginHandler:143	Page Loaded. RemoteAddress:[::1]:64804 Method:GET URL:/login
2015-02-04	[DEBUG]	/Users/Zeke/Desktop/go/Assignment3/src/TimeServer.go:main.homeHandler:118	Page Loaded. RemoteAddress:[::1]:64802 Method:GET URL:/
2015-02-04	[DEBUG]	/Users/Zeke/Desktop/go/Assignment3/src/TimeServer.go:main.loginHandler:143	Page Loaded. RemoteAddress:[::1]:64802 Method:GET URL:/login
2015-02-04	[DEBUG]	/Users/Zeke/Desktop/go/Assignment3/src/TimeServer.go:main.homeHandler:118	Page Loaded. RemoteAddress:[::1]:64804 Method:GET URL:/
2015-02-04	[DEBUG]	/Users/Zeke/Desktop/go/Assignment3/src/TimeServer.go:main.loginHandler:143	Page Loaded. RemoteAddress:[::1]:64802 Method:GET URL:/login
2015-02-04	[DEBUG]	/Users/Zeke/Desktop/go/Assignment3/src/TimeServer.go:main.homeHandler:118	Page Loaded. RemoteAddress:[::1]:64802 Method:GET URL:/
2015-02-04	[DEBUG]	/Users/Zeke/Desktop/go/Assignment3/src/TimeServer.go:main.loginHandler:143	Page Loaded. RemoteAddress:[::1]:64802 Method:GET URL:/login
2015-02-04	[DEBUG]	/Users/Zeke/Desktop/go/Assignment3/src/TimeServer.go:main.homeHandler:118	Page Loaded. RemoteAddress:[::1]:64802 Method:GET URL:/
2015-02-04	[DEBUG]	/Users/Zeke/Desktop/go/Assignment3/src/TimeServer.go:main.loginHandler:143	Page Loaded. RemoteAddress:[::1]:64802 Method:GET URL:/login
2015-02-04	[DEBUG]	/Users/Zeke/Desktop/go/Assignment3/src/TimeServer.go:main.homeHandler:118	Page Loaded. RemoteAddress:[::1]:64802 Method:GET URL:/
2015-02-04	[DEBUG]	/Users/Zeke/Desktop/go/Assignment3/src/TimeServer.go:main.loginHandler:143	Page Loaded. RemoteAddress:[::1]:64802 Method:GET URL:/login
2015-02-04	[DEBUG]	/Users/Zeke/Desktop/go/Assignment3/src/TimeServer.go:main.homeHandler:118	Page Loaded. RemoteAddress:[::1]:64802 Method:GET URL:/
2015-02-04	[DEBUG]	/Users/Zeke/Desktop/go/Assignment3/src/TimeServer.go:main.loginHandler:143	Page Loaded. RemoteAddress:[::1]:64802 Method:GET URL:/login
2015-02-04	[DEBUG]	/Users/Zeke/Desktop/go/Assignment3/src/TimeServer.go:main.homeHandler:118	Page Loaded. RemoteAddress:[::1]:64802 Method:GET URL:/
2015-02-04	[DEBUG]	/Users/Zeke/Desktop/go/Assignment3/src/TimeServer.go:main.loginHandler:143	Page Loaded. RemoteAddress:[::1]:64802 Method:GET URL:/login
2015-02-04	[DEBUG]	/Users/Zeke/Desktop/go/Assignment3/src/TimeServer.go:main.homeHandler:118	Page Loaded. RemoteAddress:[::1]:64802 Method:GET URL:/
2015-02-04	[DEBUG]	/Users/Zeke/Desktop/go/Assignment3/src/TimeServer.go:main.loginHandler:143	Page Loaded. RemoteAddress:[::1]:64802 Method:GET URL:/login
2015-02-04	[DEBUG]	/Users/Zeke/Desktop/go/Assignment3/src/TimeServer.go:main.homeHandler:118	Page Loaded. RemoteAddress:[::1]:64802 Method:GET URL:/
2015-02-04	[DEBUG]	/Users/Zeke/Desktop/go/Assignment3/src/TimeServer.go:main.homeHandler:118	Page Loaded. RemoteAddress:[::1]:64802 Method:GET URL:/
2015-02-04	[DEBUG]	/Users/Zeke/Desktop/go/Assignment3/src/TimeServer.go:main.loginHandler:143	Page Loaded. RemoteAddress:[::1]:64802 Method:GET URL:/login
2015-02-04	[DEBUG]	/Users/Zeke/Desktop/go/Assignment3/src/TimeServer.go:main.loginHandler:143	Page Loaded. RemoteAddress:[::1]:64804 Method:GET URL:/login
2015-02-04	[DEBUG]	/Users/Zeke/Desktop/go/Assignment3/src/TimeServer.go:main.homeHandler:118	Page Loaded. RemoteAddress:[::1]:64802 Method:GET URL:/
2015-02-04	[DEBUG]	/Users/Zeke/Desktop/go/Assignment3/src/TimeServer.go:main.loginHandler:143	Page Loaded. RemoteAddress:[::1]:64802 Method:GET URL:/login
2015-02-04	[DEBUG]	/Users/Zeke/Desktop/go/Assignment3/src/TimeServer.go:main.homeHandler:118	Page Loaded. RemoteAddress:[::1]:64802 Method:GET URL:/
2015-02-04	[DEBUG]	/Users/Zeke/Desktop/go/Assignment3/src/TimeServer.go:main.loginHandler:143	Page Loaded. RemoteAddress:[::1]:64802 Method:GET URL:/login
2015-02-04	[DEBUG]	/Users/Zeke/Desktop/go/Assignment3/src/TimeServer.go:main.homeHandler:118	Page Loaded. RemoteAddress:[::1]:64802 Method:GET URL:/
2015-02-04	[DEBUG]	/Users/Zeke/Desktop/go/Assignment3/src/TimeServer.go:main.loginHandler:143	Page Loaded. RemoteAddress:[::1]:64802 Method:GET URL:/login
2015-02-04	[DEBUG]	/Users/Zeke/Desktop/go/Assignment3/src/TimeServer.go:main.homeHandler:118	Page Loaded. RemoteAddress:[::1]:64804 Method:GET URL:/
2015-02-04	[DEBUG]	/Users/Zeke/Desktop/go/Assignment3/src/TimeServer.go:main.loginHandler:143	Page Loaded. RemoteAddress:[::1]:64802 Method:GET URL:/login
2015-02-04	[DEBUG]	/Users/Zeke/Desktop/go/Assignment3/src/TimeServer.go:main.homeHandler:118	Page Loaded. RemoteAddress:[::1]:64807 Method:GET URL:/index.html
2015-02-04	[DEBUG]	/Users/Zeke/Desktop/go/Assignment3/src/TimeServer.go:main.loginHandler:143	Page Loaded. RemoteAddress:[::1]:64807 Method:GET URL:/login
2015-02-04	[DEBUG]	/Users/Zeke/Desktop/go/Assignment3/src/TimeServer.go:main.homeHandler:118	Page Loaded. RemoteAddress:[::1]:64802 Method:GET URL:/
2015-02-04	[DEBUG]	/Users/Zeke/Desktop/go/Assignment3/src/TimeServer.go:main.loginHandler:143	Page Loaded. RemoteAddress:[::1]:64802 Method:GET URL:/login
2015-02-04	[DEBUG]	/Users/Zeke/Desktop/go/Assignment3/src/TimeServer.go:main.homeHandler:118	Page Loaded. RemoteAddress:[::1]:64802 Method:GET URL:/
2015-02-04	[DEBUG]	/Users/Zeke/Desktop/go/Assignment3/src/TimeServer.go:main.loginHandler:143	Page Loaded. RemoteAddress:[::1]:64802 Method:GET URL:/login
2015-02-04	[DEBUG]	/Users/Zeke/Desktop/go/Assignment3/src/TimeServer.go:main.homeHandler:118	Page Loaded. RemoteAddress:[::1]:64802 Method:GET URL:/
2015-02-04	[DEBUG]	/Users/Zeke/Desktop/go/Assignment3/src/TimeServer.go:main.loginHandler:143	Page Loaded. RemoteAddress:[::1]:64802 Method:GET URL:/login
2015-02-04	[DEBUG]	/Users/Zeke/Desktop/go/Assignment3/src/TimeServer.go:main.homeHandler:118	Page Loaded. RemoteAddress:[::1]:64802 Method:GET URL:/
2015-02-04	[DEBUG]	/Users/Zeke/Desktop/go/Assignment3/src/TimeServer.go:main.loginHandler:143	Page Loaded. RemoteAddress:[::1]:64802 Method:GET URL:/login
2015-02-04	[DEBUG]	/Users/Zeke/Desktop/go/Assignment3/src/TimeServer.go:main.homeHandler:118	Page Loaded. RemoteAddress:[::1]:64802 Method:GET URL:/
2015-02-04	[DEBUG]	/Users/Zeke/Desktop/go/Assignment3/src/TimeServer.go:main.loginHandler:143	Page Loaded. RemoteAddress:[::1]:64802 Method:GET URL:/login
2015-02-04	[DEBUG]	/Users/Zeke/Desktop/go/Assignment3/src/TimeServer.go:main.homeHandler:118	Page Loaded. RemoteAddress:[::1]:64802 Method:GET URL:/
2015-02-04	[DEBUG]	/Users/Zeke/Desktop/go/Assignment3/src/TimeServer.go:main.loginHandler:143	Page Loaded. RemoteAddress:[::1]:64802 Method:GET URL:/login
2015-02-04	[DEBUG]	/Users/Zeke/Desktop/go/Assignment3/src/TimeServer.go:main.homeHandler:118	Page Loaded. RemoteAddress:[::1]:64802 Method:GET URL:/
2015-02-04	[DEBUG]	/Users/Zeke/Desktop/go/Assignment3/src/TimeServer.go:main.loginHandler:143	Page Loaded. RemoteAddress:[::1]:64802 Method:GET URL:/login
2015-02-04	[DEBUG]	/Users/Zeke/Desktop/go/Assignment3/src/TimeServer.go:main.homeHandler:118	Page Loaded. RemoteAddress:[::1]:64802 Method:GET URL:/
2015-02-04	[DEBUG]	/Users/Zeke/Desktop/go/Assignment3/src/TimeServer.go:main.loginHandler:143	Page Loaded. RemoteAddress:[::1]:64802 Method:GET URL:/login
2015-02-04	[DEBUG]	/Users/Zeke/Desktop/go/Assignment3/src/TimeServer.go:main.homeHandler:118	Page Loaded. RemoteAddress:[::1]:64802 Method:GET URL:/
2015-02-04	[DEBUG]	/Users/Zeke/Desktop/go/Assignment3/src/TimeServer.go:main.loginHandler:143	Page Loaded. RemoteAddress:[::1]:64802 Method:GET URL:/login
2015-02-04	[DEBUG]	/Users/Zeke/Desktop/go/Assignment3/src/TimeServer.go:main.homeHandler:118	Page Loaded. RemoteAddress:[::1]:64802 Method:GET URL:/
2015-02-04	[DEBUG]	/Users/Zeke/Desktop/go/Assignment3/src/TimeServer.go:main.loginHandler:143	Page Loaded. RemoteAddress:[::1]:64802 Method:GET URL:/login
2015-02-04	[DEBUG]	/Users/Zeke/Desktop/go/Assignment3/src/TimeServer.go:main.homeHandler:118	Page Loaded. RemoteAddress:[::1]:64802 Method:GET URL:/
2015-02-04	[DEBUG]	/Users/Zeke/Desktop/go/Assignment3/src/TimeServer.go:main.loginHandler:143	Page Loaded. RemoteAddress:[::1]:64802 Method:GET URL:/login
2015-02-04	[DEBUG]	/Users/Zeke/Desktop/go/Assignment3/src/TimeServer.go:main.homeHandler:118	Page Loaded. RemoteAddress:[::1]:64802 Method:GET URL:/
2015-02-04	[DEBUG]	/Users/Zeke/Desktop/go/Assignment3/src/TimeServer.go:main.loginHandler:143	Page Loaded. RemoteAddress:[::1]:64802 Method:GET URL:/login
2015-02-04	[DEBUG]	/Users/Zeke/Desktop/go/Assignment3/src/TimeServer.go:main.homeHandler:118	Page Loaded. RemoteAddress:[::1]:64802 Method:GET URL:/
2015-02-04	[DEBUG]	/Users/Zeke/Desktop/go/Assignment3/src/TimeServer.go:main.loginHandler:143	Page Loaded. RemoteAddress:[::1]:64802 Method:GET URL:/login
2015-02-04	[DEBUG]	/Users/Zeke/Desktop/go/Assignment3/src/TimeServer.go:main.homeHandler:118	Page Loaded. RemoteAddress:[::1]:64807 Method:GET URL:/index.html
2015-02-04	[DEBUG]	/Users/Zeke/Desktop/go/Assignment3/src/TimeServer.go:main.loginHandler:143	Page Loaded. RemoteAddress:[::1]:64807 Method:GET URL:/login
2015-02-04	[DEBUG]	/Users/Zeke/Desktop/go/Assignment3/src/TimeServer.go:main.homeHandler:118	Page Loaded. RemoteAddress:[::1]:64802 Method:GET URL:/
2015-02-04	[DEBUG]	/Users/Zeke/Desktop/go/Assignment3/src/TimeServer.go:main.loginHandler:143	Page Loaded. RemoteAddress:[::1]:64802 Method:GET URL:/login
2015-02-04	[DEBUG]	/Users/Zeke/Desktop/go/Assignment3/src/TimeServer.go:main.homeHandler:118	Page Loaded. RemoteAddress:[::1]:64802 Method:GET URL:/
2015-02-04	[DEBUG]	/Users/Zeke/Desktop/go/Assignment3/src/TimeServer.go:main.loginHandler:143	Page Loaded. RemoteAddress:[::1]:64802 Method:GET URL:/login
2015-02-04	[DEBUG]	/Users/Zeke/Desktop/go/Assignment3/src/TimeServer.go:main.homeHandler:118	Page Loaded. RemoteAddress:[::1]:64802 Method:GET URL:/
2015-02-04	[DEBUG]	/Users/Zeke/Desktop/go/Assignment3/src/TimeServer.go:main.loginHandler:143	Page Loaded. RemoteAddress:[::1]:64802 Method:GET URL:/login
2015-02-04	[DEBUG]	/Users/Zeke/Desktop/go/Assignment3/src/TimeServer.go:main.homeHandler:118	Page Loaded. RemoteAddress:[::1]:64802 Method:GET URL:/
2015-02-04	[DEBUG]	/Users/Zeke/Desktop/go/Assignment3/src/TimeServer.go:main.loginHandler:143	Page Loaded. RemoteAddress:[::1]:64802 Method:GET URL:/login
2015-02-04	[DEBUG]	/Users/Zeke/Desktop/go/Assignment3/src/TimeServer.go:main.homeHandler:118	Page Loaded. RemoteAddress:[::1]:64802 Method:GET URL:/
2015-02-04	[DEBUG]	/Users/Zeke/Desktop/go/Assignment3/src/TimeServer.go:main.loginHandler:143	Page Loaded. RemoteAddress:[::1]:64802 Method:GET URL:/login
2015-02-04	[DEBUG]	/Users/Zeke/Desktop/go/Assignment3/src/TimeServer.go:main.homeHandler:118	Page Loaded. RemoteAddress:[::1]:64802 Method:GET URL:/
2015-02-04	[DEBUG]	/Users/Zeke/Desktop/go/Assignment3/src/TimeServer.go:main.loginHandler:143	Page Loaded. RemoteAddress:[::1]:64802 Method:GET URL:/login
2015-02-04	[DEBUG]	/Users/Zeke/Desktop/go/Assignment3/src/TimeServer.go:main.homeHandler:118	Page Loaded. RemoteAddress:[::1]:64802 Method:GET URL:/
2015-02-04	[DEBUG]	/Users/Zeke/Desktop/go/Assignment3/src/TimeServer.go:main.loginHandler:143	Page Loaded. RemoteAddress:[::1]:64802 Method:GET URL:/login
2015-02-04	[DEBUG]	/Users/Zeke/Desktop/go/Assignment3/src/TimeServer.go:main.homeHandler:118	Page Loaded. RemoteAddress:[::1]:64802 Method:GET URL:/
2015-02-04	[DEBUG]	/Users/Zeke/Desktop/go/Assignment3/src/TimeServer.go:main.loginHandler:143	Page Loaded. RemoteAddress:[::1]:64802 Method:GET URL:/login
2015-02-04	[DEBUG]	/Users/Zeke/Desktop/go/Assignment3/src/TimeServer.go:main.homeHandler:118	Page Loaded. RemoteAddress:[::1]:64802 Method:GET URL:/
2015-02-04	[DEBUG]	/Users/Zeke/Desktop/go/Assignment3/src/TimeServer.go:main.loginHandler:143	Page Loaded. RemoteAddress:[::1]:64802 Method:GET URL:/login
2015-02-04	[DEBUG]	/Users/Zeke/Desktop/go/Assignment3/src/TimeServer.go:main.homeHandler:118	Page Loaded. RemoteAddress:[::1]:64802 Method:GET URL:/
2015-02-04	[DEBUG]	/Users/Zeke/Desktop/go/Assignment3/src/TimeServer.go:main.loginHandler:143	Page Loaded. RemoteAddress:[::1]:64802 Method:GET URL:/login
2015-02-04	[DEBUG]	/Users/Zeke/Desktop/go/Assignment3/src/TimeServer.go:main.homeHandler:118	Page Loaded. RemoteAddress:[::1]:64802 Method:GET URL:/
2015-02-04	[DEBUG]	/Users/Zeke/Desktop/go/Assignment3/src/TimeServer.go:main.loginHandler:143	Page Loaded. RemoteAddress:[::1]:64802 Method:GET URL:/login
2015-02-04	[DEBUG]	/Users/Zeke/Desktop/go/Assignment3/src/TimeServer.go:main.homeHandler:118	Page Loaded. RemoteAddress:[::1]:64802 Method:GET URL:/
2015-02-04	[DEBUG]	/Users/Zeke/Desktop/go/Assignment3/src/TimeServer.go:main.loginHandler:143	Page Loaded. RemoteAddress:[::1]:64802 Method:GET URL:/login
2015-02-04	[DEBUG]	/Users/Zeke/Desktop/go/Assignment3/src/TimeServer.go:main.homeHandler:118	Page Loaded. RemoteAddress:[::1]:64802 Method:GET URL:/
2015-02-04	[DEBUG]	/Users/Zeke/Desktop/go/Assignment3/src/TimeServer.go:main.loginHandler:143	Page Loaded. RemoteAddress:[::1]:64802 Method:GET URL:/login
2015-02-04	[DEBUG]	/Users/Zeke/Desktop/go/Assignment3/src/TimeServer.go:main.homeHandler:118	Page Loaded. RemoteAddress:[::1]:64802 Method:GET URL:/
2015-02-04	[DEBUG]	/Users/Zeke/Desktop/go/Assignment3/src/TimeServer.go:main.loginHandler:143	Page Loaded. RemoteAddress:[::1]:64802 Method:GET URL:/login
2015-02-04	[DEBUG]	/Users/Zeke/Desktop/go/Assignment3/src/TimeServer.go:main.homeHandler:118	Page Loaded. RemoteAddress:[::1]:64802 Method:GET URL:/
2015-02-04	[DEBUG]	/Users/Zeke/Desktop/go/Assignment3/src/TimeServer.go:main.loginHandler:143	Page Loaded. RemoteAddress:[::1]:64802 Method:GET URL:/login
2015-02-04	[DEBUG]	/Users/Zeke/Desktop/go/Assignment3/src/TimeServer.go:main.homeHandler:118	Page Loaded. RemoteAddress:[::1]:64802 Method:GET URL:/
2015-02-04	[DEBUG]	/Users/Zeke/Desktop/go/Assignment3/src/TimeServer.go:main.loginHandler:143	Page Loaded. RemoteAddress:[::1]:64802 Method:GET URL:/login
2015-02-04	[DEBUG]	/Users/Zeke/Desktop/go/Assignment3/src/TimeServer.go:main.homeHandler:118	Page Loaded. RemoteAddress:[::1]:64802 Method:GET URL:/
2015-02-04	[DEBUG]	/Users/Zeke/Desktop/go/Assignment3/src/TimeServer.go:main.loginHandler:143	Page Loaded. RemoteAddress:[::1]:64802 Method:GET URL:/login
2015-02-04	[DEBUG]	/Users/Zeke/Desktop/go/Assignment3/src/TimeServer.go:main.homeHandler:118	Page Loaded. RemoteAddress:[::1]:64802 Method:GET URL:/
2015-02-04	[DEBUG]	/Users/Zeke/Desktop/go/Assignment3/src/TimeServer.go:main.loginHandler:143	Page Loaded. RemoteAddress:[::1]:64802 Method:GET URL:/login
2015-02-04	[DEBUG]	/Users/Zeke/Desktop/go/Assignment3/src/TimeServer.go:main.homeHandler:118	Page Loaded. RemoteAddress:[::1]:64802 Method:GET URL:/
2015-02-04	[DEBUG]	/Users/Zeke/Desktop/go/Assignment3/src/TimeServer.go:main.loginHandler:143	Page Loaded. RemoteAddress:[::1]:64802 Method:GET URL:/login
2015-02-04	[DEBUG]	/Users/Zeke/Desktop/go/Assignment3/src/TimeServer.go:main.homeHandler:118	Page Loaded. RemoteAddress:[::1]:64802 Method:GET URL:/
2015-02-04	[DEBUG]	/Users/Zeke/Desktop/go/Assignment3/src/TimeServer.go:main.loginHandler:143	Page Loaded. RemoteAddress:[::1]:64802 Method:GET URL:/login
2015-02-04	[INFO]	/Users/Zeke/Desktop/go/Assignment3/src/TimeServer.go:main.main:260	Personalized Time Server version 1.2
2015-02-04	[INFO]	/Users/Zeke/Desktop/go/Assignment3/src/TimeServer.go:main.main:260	Personalized Time Server version 1.2
2015-02-04	[INFO]	/Users/Zeke/Desktop/go/Assignment3/src/TimeServer.go:main.main:260	Personalized Time Server version 1.2
2015-02-04	[INFO]	/Users/Zeke/Desktop/go/Assignment3/src/TimeServer.go:main.main:260	Personalized Time Server version 1.2
2015-02-04	[INFO]	/Users/Zeke/Desktop/go/Assignment3/src/TimeServer.go:main.main:260	Personalized Time Server version 1.2
2015-02-04	[INFO]	/Users/Zeke/Desktop/go/Assignment3/src/TimeServer.go:main.main:260	Personalized Time Server version 1.2
2015-02-04	[INFO]	/Users/Zeke/Desktop/go/Assignment3/src/TimeServer.go:main.main:260	Personalized Time Server version 1.2
2015-02-04	[INFO]	/Users/Zeke/Desktop/go/Assignment3/src/TimeServer.go:main.main:260	Personalized Time Server version 1.2
2015-02-04	[INFO]	/Users/Zeke/Desktop/go/Assignment3/src/TimeServer.go:main.main:260	Personalized Time Server version 1.2
2015-02-04	[INFO]	/Users/Zeke/Desktop/go/Assignment3/src/TimeServer.go:main.main:260	Personalized Time Server version 1.2
2015-02-04	[DEBUG]	/Users/Zeke/Desktop/go/Assignment3/src/TimeServer.go:main.homeHandler:118	Page Loaded. RemoteAddress:[::1]:65026 Method:GET URL:/
2015-02-04	[DEBUG]	/Users/Zeke/Desktop/go/Assignment3/src/TimeServer.go:main.loginHandler:143	Page Loaded. RemoteAddress:[::1]:65026 Method:GET URL:/login
2015-02-04	[DEBUG]	/Users/Zeke/Desktop/go/Assignment3/src/TimeServer.go:main.loginHandler:143	Page Loaded. RemoteAddress:[::1]:65028 Method:POST URL:/login
2015-02-04	[DEBUG]	/Users/Zeke/Desktop/go/Assignment3/src/TimeServer.go:main.setUserCookie:95	User logging in. UUID: 9F0C8438-E164-43BF-9C6F-A379EAC343B5 Name: Zeke
2015-02-04	[DEBUG]	/Users/Zeke/Desktop/go/Assignment3/src/TimeServer.go:main.homeHandler:118	Page Loaded. RemoteAddress:[::1]:65028 Method:GET URL:/
2015-02-04	[DEBUG]	/Users/Zeke/Desktop/go/Assignment3/src/TimeServer.go:main.logoutHandler:170	Page Loaded. RemoteAddress:[::1]:65028 Method:GET URL:/logout
2015-02-04	[DEBUG]	/Users/Zeke/Desktop/go/Assignment3/src/TimeServer.go:main.logoutCookie:113	User with UUID logged out. UUID: 9F0C8438-E164-43BF-9C6F-A379EAC343B5
2015-02-04	[INFO]	/Users/Zeke/Desktop/go/Assignment3/src/TimeServer.go:main.main:260	Personalized Time Server version 1.2
2015-02-04	[DEBUG]	/Users/Zeke/Desktop/go/Assignment3/src/TimeServer.go:main.homeHandler:118	Page Loaded. RemoteAddress:[fe80::1%lo0]:65047 Method:GET URL:/
2015-02-04	[DEBUG]	/Users/Zeke/Desktop/go/Assignment3/src/TimeServer.go:main.loginHandler:143	Page Loaded. RemoteAddress:[fe80::1%lo0]:65047 Method:GET URL:/login
2015-02-04	[INFO]	/Users/Zeke/Desktop/go/Assignment3/src/TimeServer.go:main.main:260	Personalized Time Server version 1.2
2015-02-04	[INFO]	/Users/Zeke/Desktop/go/Assignment3/src/TimeServer.go:main.main:260	Personalized Time Server version 1.2
2015-02-04	[DEBUG]	/Users/Zeke/Desktop/go/Assignment3/src/TimeServer.go:main.homeHandler:118	Page Loaded. RemoteAddress:[::1]:65126 Method:GET URL:/
2015-02-04	[DEBUG]	/Users/Zeke/Desktop/go/Assignment3/src/TimeServer.go:main.loginHandler:143	Page Loaded. RemoteAddress:[::1]:65126 Method:GET URL:/login
2015-02-04	[DEBUG]	/Users/Zeke/Desktop/go/Assignment3/src/TimeServer.go:main.timeHandler:201	Page Loaded. RemoteAddress:[::1]:65128 Method:GET URL:/time
2015-02-04	[DEBUG]	/Users/Zeke/Desktop/go/Assignment3/src/TimeServer.go:main.logoutHandler:170	Page Loaded. RemoteAddress:[::1]:65128 Method:GET URL:/logout
2015-02-04	[INFO]	/Users/Zeke/Desktop/go/Assignment3/src/TimeServer.go:main.main:260	Personalized Time Server version 1.2
2015-02-04	[DEBUG]	/Users/Zeke/Desktop/go/Assignment3/src/TimeServer.go:main.homeHandler:118	Page Loaded. RemoteAddress:[::1]:65148 Method:GET URL:/
2015-02-04	[DEBUG]	/Users/Zeke/Desktop/go/Assignment3/src/TimeServer.go:main.loginHandler:143	Page Loaded. RemoteAddress:[::1]:65148 Method:GET URL:/login
2015-02-04	[DEBUG]	/Users/Zeke/Desktop/go/Assignment3/src/TimeServer.go:main.timeHandler:201	Page Loaded. RemoteAddress:[::1]:65150 Method:GET URL:/time
2015-02-04	[INFO]	/Users/Zeke/Desktop/go/Assignment3/src/TimeServer.go:main.main:260	Personalized Time Server version 1.2
2015-02-04	[INFO]	/Users/Zeke/Desktop/go/Assignment3/src/TimeServer.go:main.main:260	Personalized Time Server version 1.2
2015-02-04	[INFO]	/Users/Zeke/Desktop/go/Assignment3/src/TimeServer.go:main.main:260	Personalized Time Server version 1.2
2015-02-04	[DEBUG]	/Users/Zeke/Desktop/go/Assignment3/src/TimeServer.go:main.timeHandler:201	Page Loaded. RemoteAddress:[::1]:65277 Method:GET URL:/time
2015-02-04	[DEBUG]	/Users/Zeke/Desktop/go/Assignment3/src/TimeServer.go:main.timeHandler:201	Page Loaded. RemoteAddress:[::1]:65276 Method:GET URL:/time
2015-02-04	[DEBUG]	/Users/Zeke/Desktop/go/Assignment3/src/TimeServer.go:main.homeHandler:118	Page Loaded. RemoteAddress:[::1]:65276 Method:GET URL:/favicon.ico
2015-02-04	[DEBUG]	/Users/Zeke/Desktop/go/Assignment3/src/TimeServer.go:main.pageError:218	Page Loaded. RemoteAddress:[::1]:65276 Method:GET URL:/favicon.ico
2015-02-04	[DEBUG]	/Users/Zeke/Desktop/go/Assignment3/src/TimeServer.go:main.homeHandler:118	Page Loaded. RemoteAddress:[::1]:65277 Method:GET URL:/favicon.ico
2015-02-04	[DEBUG]	/Users/Zeke/Desktop/go/Assignment3/src/TimeServer.go:main.pageError:218	Page Loaded. RemoteAddress:[::1]:65277 Method:GET URL:/favicon.ico
2015-02-04	[WARN]	/Users/Zeke/Desktop/go/Assignment3/src/TimeServer.go:main.homeHandler:124	404 Page Not Found: [::1]:65277 GET /favicon.ico
2015-02-04	[WARN]	/Users/Zeke/Desktop/go/Assignment3/src/TimeServer.go:main.homeHandler:124	404 Page Not Found: [::1]:65276 GET /favicon.ico
2015-02-04	[DEBUG]	/Users/Zeke/Desktop/go/Assignment3/src/TimeServer.go:main.timeHandler:201	Page Loaded. RemoteAddress:[::1]:65276 Method:GET URL:/time
2015-02-04	[DEBUG]	/Users/Zeke/Desktop/go/Assignment3/src/TimeServer.go:main.timeHandler:201	Page Loaded. RemoteAddress:[::1]:65276 Method:GET URL:/time
2015-02-04	[DEBUG]	/Users/Zeke/Desktop/go/Assignment3/src/TimeServer.go:main.timeHandler:201	Page Loaded. RemoteAddress:[::1]:65276 Method:GET URL:/time
2015-02-04	[DEBUG]	/Users/Zeke/Desktop/go/Assignment3/src/TimeServer.go:main.homeHandler:118	Page Loaded. RemoteAddress:[::1]:65276 Method:GET URL:/
2015-02-04	[DEBUG]	/Users/Zeke/Desktop/go/Assignment3/src/TimeServer.go:main.loginHandler:143	Page Loaded. RemoteAddress:[::1]:65276 Method:GET URL:/login
2015-02-04	[DEBUG]	/Users/Zeke/Desktop/go/Assignment3/src/TimeServer.go:main.homeHandler:118	Page Loaded. RemoteAddress:[::1]:65276 Method:GET URL:/
2015-02-04	[DEBUG]	/Users/Zeke/Desktop/go/Assignment3/src/TimeServer.go:main.homeHandler:118	Page Loaded. RemoteAddress:[::1]:65276 Method:GET URL:/
2015-02-04	[DEBUG]	/Users/Zeke/Desktop/go/Assignment3/src/TimeServer.go:main.loginHandler:143	Page Loaded. RemoteAddress:[::1]:65276 Method:GET URL:/login
2015-02-04	[DEBUG]	/Users/Zeke/Desktop/go/Assignment3/src/TimeServer.go:main.loginHandler:143	Page Loaded. RemoteAddress:[::1]:65277 Method:GET URL:/login
2015-02-04	[DEBUG]	/Users/Zeke/Desktop/go/Assignment3/src/TimeServer.go:main.homeHandler:118	Page Loaded. RemoteAddress:[::1]:65276 Method:GET URL:/
2015-02-04	[DEBUG]	/Users/Zeke/Desktop/go/Assignment3/src/TimeServer.go:main.loginHandler:143	Page Loaded. RemoteAddress:[::1]:65276 Method:GET URL:/login
2015-02-04	[DEBUG]	/Users/Zeke/Desktop/go/Assignment3/src/TimeServer.go:main.homeHandler:118	Page Loaded. RemoteAddress:[::1]:65276 Method:GET URL:/
2015-02-04	[DEBUG]	/Users/Zeke/Desktop/go/Assignment3/src/TimeServer.go:main.loginHandler:143	Page Loaded. RemoteAddress:[::1]:65276 Method:GET URL:/login
2015-02-04	[DEBUG]	/Users/Zeke/Desktop/go/Assignment3/src/TimeServer.go:main.homeHandler:118	Page Loaded. RemoteAddress:[::1]:65276 Method:GET URL:/
2015-02-04	[DEBUG]	/Users/Zeke/Desktop/go/Assignment3/src/TimeServer.go:main.loginHandler:143	Page Loaded. RemoteAddress:[::1]:65276 Method:GET URL:/login
2015-02-04	[DEBUG]	/Users/Zeke/Desktop/go/Assignment3/src/TimeServer.go:main.homeHandler:118	Page Loaded. RemoteAddress:[::1]:65276 Method:GET URL:/
2015-02-04	[DEBUG]	/Users/Zeke/Desktop/go/Assignment3/src/TimeServer.go:main.loginHandler:143	Page Loaded. RemoteAddress:[::1]:65276 Method:GET URL:/login
2015-02-04	[DEBUG]	/Users/Zeke/Desktop/go/Assignment3/src/TimeServer.go:main.homeHandler:118	Page Loaded. RemoteAddress:[::1]:65276 Method:GET URL:/
2015-02-04	[DEBUG]	/Users/Zeke/Desktop/go/Assignment3/src/TimeServer.go:main.loginHandler:143	Page Loaded. RemoteAddress:[::1]:65276 Method:GET URL:/login
2015-02-04	[DEBUG]	/Users/Zeke/Desktop/go/Assignment3/src/TimeServer.go:main.homeHandler:118	Page Loaded. RemoteAddress:[::1]:65276 Method:GET URL:/
2015-02-04	[DEBUG]	/Users/Zeke/Desktop/go/Assignment3/src/TimeServer.go:main.loginHandler:143	Page Loaded. RemoteAddress:[::1]:65276 Method:GET URL:/login
2015-02-04	[DEBUG]	/Users/Zeke/Desktop/go/Assignment3/src/TimeServer.go:main.homeHandler:118	Page Loaded. RemoteAddress:[::1]:65276 Method:GET URL:/
2015-02-04	[DEBUG]	/Users/Zeke/Desktop/go/Assignment3/src/TimeServer.go:main.loginHandler:143	Page Loaded. RemoteAddress:[::1]:65276 Method:GET URL:/login
2015-02-04	[DEBUG]	/Users/Zeke/Desktop/go/Assignment3/src/TimeServer.go:main.homeHandler:118	Page Loaded. RemoteAddress:[::1]:65276 Method:GET URL:/
2015-02-04	[DEBUG]	/Users/Zeke/Desktop/go/Assignment3/src/TimeServer.go:main.loginHandler:143	Page Loaded. RemoteAddress:[::1]:65276 Method:GET URL:/login
2015-02-04	[DEBUG]	/Users/Zeke/Desktop/go/Assignment3/src/TimeServer.go:main.homeHandler:118	Page Loaded. RemoteAddress:[::1]:65276 Method:GET URL:/
2015-02-04	[DEBUG]	/Users/Zeke/Desktop/go/Assignment3/src/TimeServer.go:main.loginHandler:143	Page Loaded. RemoteAddress:[::1]:65276 Method:GET URL:/login
2015-02-04	[DEBUG]	/Users/Zeke/Desktop/go/Assignment3/src/TimeServer.go:main.homeHandler:118	Page Loaded. RemoteAddress:[::1]:65276 Method:GET URL:/
2015-02-04	[DEBUG]	/Users/Zeke/Desktop/go/Assignment3/src/TimeServer.go:main.loginHandler:143	Page Loaded. RemoteAddress:[::1]:65276 Method:GET URL:/login
2015-02-04	[DEBUG]	/Users/Zeke/Desktop/go/Assignment3/src/TimeServer.go:main.homeHandler:118	Page Loaded. RemoteAddress:[::1]:65276 Method:GET URL:/
2015-02-04	[DEBUG]	/Users/Zeke/Desktop/go/Assignment3/src/TimeServer.go:main.loginHandler:143	Page Loaded. RemoteAddress:[::1]:65276 Method:GET URL:/login
2015-02-04	[DEBUG]	/Users/Zeke/Desktop/go/Assignment3/src/TimeServer.go:main.homeHandler:118	Page Loaded. RemoteAddress:[::1]:65276 Method:GET URL:/
2015-02-04	[DEBUG]	/Users/Zeke/Desktop/go/Assignment3/src/TimeServer.go:main.loginHandler:143	Page Loaded. RemoteAddress:[::1]:65276 Method:GET URL:/login
2015-02-04	[DEBUG]	/Users/Zeke/Desktop/go/Assignment3/src/TimeServer.go:main.homeHandler:118	Page Loaded. RemoteAddress:[::1]:65276 Method:GET URL:/
2015-02-04	[DEBUG]	/Users/Zeke/Desktop/go/Assignment3/src/TimeServer.go:main.loginHandler:143	Page Loaded. RemoteAddress:[::1]:65276 Method:GET URL:/login
2015-02-04	[DEBUG]	/Users/Zeke/Desktop/go/Assignment3/src/TimeServer.go:main.homeHandler:118	Page Loaded. RemoteAddress:[::1]:65276 Method:GET URL:/
2015-02-04	[DEBUG]	/Users/Zeke/Desktop/go/Assignment3/src/TimeServer.go:main.loginHandler:143	Page Loaded. RemoteAddress:[::1]:65276 Method:GET URL:/login
2015-02-04	[DEBUG]	/Users/Zeke/Desktop/go/Assignment3/src/TimeServer.go:main.homeHandler:118	Page Loaded. RemoteAddress:[::1]:65276 Method:GET URL:/
2015-02-04	[DEBUG]	/Users/Zeke/Desktop/go/Assignment3/src/TimeServer.go:main.loginHandler:143	Page Loaded. RemoteAddress:[::1]:65276 Method:GET URL:/login
2015-02-04	[DEBUG]	/Users/Zeke/Desktop/go/Assignment3/src/TimeServer.go:main.homeHandler:118	Page Loaded. RemoteAddress:[::1]:65276 Method:GET URL:/
2015-02-04	[DEBUG]	/Users/Zeke/Desktop/go/Assignment3/src/TimeServer.go:main.loginHandler:143	Page Loaded. RemoteAddress:[::1]:65276 Method:GET URL:/login
2015-02-04	[DEBUG]	/Users/Zeke/Desktop/go/Assignment3/src/TimeServer.go:main.homeHandler:118	Page Loaded. RemoteAddress:[::1]:65276 Method:GET URL:/
2015-02-04	[DEBUG]	/Users/Zeke/Desktop/go/Assignment3/src/TimeServer.go:main.loginHandler:143	Page Loaded. RemoteAddress:[::1]:65276 Method:GET URL:/login
2015-02-04	[DEBUG]	/Users/Zeke/Desktop/go/Assignment3/src/TimeServer.go:main.homeHandler:118	Page Loaded. RemoteAddress:[::1]:65276 Method:GET URL:/
2015-02-04	[DEBUG]	/Users/Zeke/Desktop/go/Assignment3/src/TimeServer.go:main.loginHandler:143	Page Loaded. RemoteAddress:[::1]:65276 Method:GET URL:/login
2015-02-04	[DEBUG]	/Users/Zeke/Desktop/go/Assignment3/src/TimeServer.go:main.homeHandler:118	Page Loaded. RemoteAddress:[::1]:65276 Method:GET URL:/
2015-02-04	[DEBUG]	/Users/Zeke/Desktop/go/Assignment3/src/TimeServer.go:main.loginHandler:143	Page Loaded. RemoteAddress:[::1]:65276 Method:GET URL:/login
2015-02-04	[DEBUG]	/Users/Zeke/Desktop/go/Assignment3/src/TimeServer.go:main.homeHandler:118	Page Loaded. RemoteAddress:[::1]:65276 Method:GET URL:/
2015-02-04	[DEBUG]	/Users/Zeke/Desktop/go/Assignment3/src/TimeServer.go:main.loginHandler:143	Page Loaded. RemoteAddress:[::1]:65276 Method:GET URL:/login
2015-02-04	[DEBUG]	/Users/Zeke/Desktop/go/Assignment3/src/TimeServer.go:main.homeHandler:118	Page Loaded. RemoteAddress:[::1]:65276 Method:GET URL:/
2015-02-04	[DEBUG]	/Users/Zeke/Desktop/go/Assignment3/src/TimeServer.go:main.loginHandler:143	Page Loaded. RemoteAddress:[::1]:65276 Method:GET URL:/login
2015-02-04	[DEBUG]	/Users/Zeke/Desktop/go/Assignment3/src/TimeServer.go:main.homeHandler:118	Page Loaded. RemoteAddress:[::1]:65276 Method:GET URL:/
2015-02-04	[DEBUG]	/Users/Zeke/Desktop/go/Assignment3/src/TimeServer.go:main.loginHandler:143	Page Loaded. RemoteAddress:[::1]:65276 Method:GET URL:/login
2015-02-04	[DEBUG]	/Users/Zeke/Desktop/go/Assignment3/src/TimeServer.go:main.homeHandler:118	Page Loaded. RemoteAddress:[::1]:65276 Method:GET URL:/
2015-02-04	[DEBUG]	/Users/Zeke/Desktop/go/Assignment3/src/TimeServer.go:main.loginHandler:143	Page Loaded. RemoteAddress:[::1]:65276 Method:GET URL:/login
2015-02-04	[DEBUG]	/Users/Zeke/Desktop/go/Assignment3/src/TimeServer.go:main.homeHandler:118	Page Loaded. RemoteAddress:[::1]:65276 Method:GET URL:/
2015-02-04	[DEBUG]	/Users/Zeke/Desktop/go/Assignment3/src/TimeServer.go:main.loginHandler:143	Page Loaded. RemoteAddress:[::1]:65276 Method:GET URL:/login
2015-02-04	[DEBUG]	/Users/Zeke/Desktop/go/Assignment3/src/TimeServer.go:main.homeHandler:118	Page Loaded. RemoteAddress:[::1]:65276 Method:GET URL:/
2015-02-04	[DEBUG]	/Users/Zeke/Desktop/go/Assignment3/src/TimeServer.go:main.loginHandler:143	Page Loaded. RemoteAddress:[::1]:65276 Method:GET URL:/login
2015-02-04	[DEBUG]	/Users/Zeke/Desktop/go/Assignment3/src/TimeServer.go:main.homeHandler:118	Page Loaded. RemoteAddress:[::1]:65276 Method:GET URL:/
2015-02-04	[DEBUG]	/Users/Zeke/Desktop/go/Assignment3/src/TimeServer.go:main.loginHandler:143	Page Loaded. RemoteAddress:[::1]:65276 Method:GET URL:/login
2015-02-04	[DEBUG]	/Users/Zeke/Desktop/go/Assignment3/src/TimeServer.go:main.homeHandler:118	Page Loaded. RemoteAddress:[::1]:65276 Method:GET URL:/
2015-02-04	[DEBUG]	/Users/Zeke/Desktop/go/Assignment3/src/TimeServer.go:main.loginHandler:143	Page Loaded. RemoteAddress:[::1]:65276 Method:GET URL:/login
2015-02-04	[DEBUG]	/Users/Zeke/Desktop/go/Assignment3/src/TimeServer.go:main.homeHandler:118	Page Loaded. RemoteAddress:[::1]:65276 Method:GET URL:/
2015-02-04	[DEBUG]	/Users/Zeke/Desktop/go/Assignment3/src/TimeServer.go:main.loginHandler:143	Page Loaded. RemoteAddress:[::1]:65276 Method:GET URL:/login
2015-02-04	[DEBUG]	/Users/Zeke/Desktop/go/Assignment3/src/TimeServer.go:main.homeHandler:118	Page Loaded. RemoteAddress:[::1]:65276 Method:GET URL:/
2015-02-04	[DEBUG]	/Users/Zeke/Desktop/go/Assignment3/src/TimeServer.go:main.loginHandler:143	Page Loaded. RemoteAddress:[::1]:65276 Method:GET URL:/login
2015-02-04	[DEBUG]	/Users/Zeke/Desktop/go/Assignment3/src/TimeServer.go:main.homeHandler:118	Page Loaded. RemoteAddress:[::1]:65276 Method:GET URL:/
2015-02-04	[DEBUG]	/Users/Zeke/Desktop/go/Assignment3/src/TimeServer.go:main.loginHandler:143	Page Loaded. RemoteAddress:[::1]:65276 Method:GET URL:/login
2015-02-04	[DEBUG]	/Users/Zeke/Desktop/go/Assignment3/src/TimeServer.go:main.homeHandler:118	Page Loaded. RemoteAddress:[::1]:65276 Method:GET URL:/
2015-02-04	[DEBUG]	/Users/Zeke/Desktop/go/Assignment3/src/TimeServer.go:main.loginHandler:143	Page Loaded. RemoteAddress:[::1]:65276 Method:GET URL:/login
2015-02-04	[DEBUG]	/Users/Zeke/Desktop/go/Assignment3/src/TimeServer.go:main.homeHandler:118	Page Loaded. RemoteAddress:[::1]:65276 Method:GET URL:/
2015-02-04	[DEBUG]	/Users/Zeke/Desktop/go/Assignment3/src/TimeServer.go:main.loginHandler:143	Page Loaded. RemoteAddress:[::1]:65276 Method:GET URL:/login
2015-02-04	[DEBUG]	/Users/Zeke/Desktop/go/Assignment3/src/TimeServer.go:main.homeHandler:118	Page Loaded. RemoteAddress:[::1]:65276 Method:GET URL:/
2015-02-04	[DEBUG]	/Users/Zeke/Desktop/go/Assignment3/src/TimeServer.go:main.loginHandler:143	Page Loaded. RemoteAddress:[::1]:65276 Method:GET URL:/login
2015-02-04	[DEBUG]	/Users/Zeke/Desktop/go/Assignment3/src/TimeServer.go:main.homeHandler:118	Page Loaded. RemoteAddress:[::1]:65276 Method:GET URL:/
2015-02-04	[DEBUG]	/Users/Zeke/Desktop/go/Assignment3/src/TimeServer.go:main.loginHandler:143	Page Loaded. RemoteAddress:[::1]:65276 Method:GET URL:/login
2015-02-04	[DEBUG]	/Users/Zeke/Desktop/go/Assignment3/src/TimeServer.go:main.homeHandler:118	Page Loaded. RemoteAddress:[::1]:65276 Method:GET URL:/
2015-02-04	[DEBUG]	/Users/Zeke/Desktop/go/Assignment3/src/TimeServer.go:main.loginHandler:143	Page Loaded. RemoteAddress:[::1]:65276 Method:GET URL:/login
2015-02-04	[DEBUG]	/Users/Zeke/Desktop/go/Assignment3/src/TimeServer.go:main.homeHandler:118	Page Loaded. RemoteAddress:[::1]:65276 Method:GET URL:/
2015-02-04	[DEBUG]	/Users/Zeke/Desktop/go/Assignment3/src/TimeServer.go:main.loginHandler:143	Page Loaded. RemoteAddress:[::1]:65276 Method:GET URL:/login
2015-02-04	[DEBUG]	/Users/Zeke/Desktop/go/Assignment3/src/TimeServer.go:main.homeHandler:118	Page Loaded. RemoteAddress:[::1]:65276 Method:GET URL:/
2015-02-04	[DEBUG]	/Users/Zeke/Desktop/go/Assignment3/src/TimeServer.go:main.loginHandler:143	Page Loaded. RemoteAddress:[::1]:65276 Method:GET URL:/login
2015-02-04	[DEBUG]	/Users/Zeke/Desktop/go/Assignment3/src/TimeServer.go:main.homeHandler:118	Page Loaded. RemoteAddress:[::1]:65276 Method:GET URL:/
2015-02-04	[DEBUG]	/Users/Zeke/Desktop/go/Assignment3/src/TimeServer.go:main.loginHandler:143	Page Loaded. RemoteAddress:[::1]:65276 Method:GET URL:/login
2015-02-04	[DEBUG]	/Users/Zeke/Desktop/go/Assignment3/src/TimeServer.go:main.homeHandler:118	Page Loaded. RemoteAddress:[::1]:65276 Method:GET URL:/
2015-02-04	[DEBUG]	/Users/Zeke/Desktop/go/Assignment3/src/TimeServer.go:main.loginHandler:143	Page Loaded. RemoteAddress:[::1]:65276 Method:GET URL:/login
2015-02-04	[DEBUG]	/Users/Zeke/Desktop/go/Assignment3/src/TimeServer.go:main.homeHandler:118	Page Loaded. RemoteAddress:[::1]:65276 Method:GET URL:/
2015-02-04	[DEBUG]	/Users/Zeke/Desktop/go/Assignment3/src/TimeServer.go:main.loginHandler:143	Page Loaded. RemoteAddress:[::1]:65276 Method:GET URL:/login
2015-02-04	[DEBUG]	/Users/Zeke/Desktop/go/Assignment3/src/TimeServer.go:main.homeHandler:118	Page Loaded. RemoteAddress:[::1]:65276 Method:GET URL:/
2015-02-04	[DEBUG]	/Users/Zeke/Desktop/go/Assignment3/src/TimeServer.go:main.loginHandler:143	Page Loaded. RemoteAddress:[::1]:65276 Method:GET URL:/login
2015-02-04	[DEBUG]	/Users/Zeke/Desktop/go/Assignment3/src/TimeServer.go:main.homeHandler:118	Page Loaded. RemoteAddress:[::1]:65276 Method:GET URL:/
2015-02-04	[DEBUG]	/Users/Zeke/Desktop/go/Assignment3/src/TimeServer.go:main.loginHandler:143	Page Loaded. RemoteAddress:[::1]:65276 Method:GET URL:/login
2015-02-04	[DEBUG]	/Users/Zeke/Desktop/go/Assignment3/src/TimeServer.go:main.homeHandler:118	Page Loaded. RemoteAddress:[::1]:65276 Method:GET URL:/
2015-02-04	[DEBUG]	/Users/Zeke/Desktop/go/Assignment3/src/TimeServer.go:main.loginHandler:143	Page Loaded. RemoteAddress:[::1]:65276 Method:GET URL:/login
2015-02-04	[DEBUG]	/Users/Zeke/Desktop/go/Assignment3/src/TimeServer.go:main.homeHandler:118	Page Loaded. RemoteAddress:[::1]:65276 Method:GET URL:/
2015-02-04	[DEBUG]	/Users/Zeke/Desktop/go/Assignment3/src/TimeServer.go:main.loginHandler:143	Page Loaded. RemoteAddress:[::1]:65276 Method:GET URL:/login
2015-02-04	[DEBUG]	/Users/Zeke/Desktop/go/Assignment3/src/TimeServer.go:main.homeHandler:118	Page Loaded. RemoteAddress:[::1]:65276 Method:GET URL:/
2015-02-04	[DEBUG]	/Users/Zeke/Desktop/go/Assignment3/src/TimeServer.go:main.loginHandler:143	Page Loaded. RemoteAddress:[::1]:65276 Method:GET URL:/login
2015-02-04	[DEBUG]	/Users/Zeke/Desktop/go/Assignment3/src/TimeServer.go:main.homeHandler:118	Page Loaded. RemoteAddress:[::1]:65276 Method:GET URL:/
2015-02-04	[DEBUG]	/Users/Zeke/Desktop/go/Assignment3/src/TimeServer.go:main.loginHandler:143	Page Loaded. RemoteAddress:[::1]:65276 Method:GET URL:/login
2015-02-04	[DEBUG]	/Users/Zeke/Desktop/go/Assignment3/src/TimeServer.go:main.homeHandler:118	Page Loaded. RemoteAddress:[::1]:65276 Method:GET URL:/
2015-02-04	[DEBUG]	/Users/Zeke/Desktop/go/Assignment3/src/TimeServer.go:main.loginHandler:143	Page Loaded. RemoteAddress:[::1]:65276 Method:GET URL:/login
2015-02-04	[DEBUG]	/Users/Zeke/Desktop/go/Assignment3/src/TimeServer.go:main.homeHandler:118	Page Loaded. RemoteAddress:[::1]:65276 Method:GET URL:/
2015-02-04	[DEBUG]	/Users/Zeke/Desktop/go/Assignment3/src/TimeServer.go:main.loginHandler:143	Page Loaded. RemoteAddress:[::1]:65276 Method:GET URL:/login
2015-02-04	[DEBUG]	/Users/Zeke/Desktop/go/Assignment3/src/TimeServer.go:main.homeHandler:118	Page Loaded. RemoteAddress:[::1]:65276 Method:GET URL:/
2015-02-04	[DEBUG]	/Users/Zeke/Desktop/go/Assignment3/src/TimeServer.go:main.loginHandler:143	Page Loaded. RemoteAddress:[::1]:65276 Method:GET URL:/login
2015-02-04	[DEBUG]	/Users/Zeke/Desktop/go/Assignment3/src/TimeServer.go:main.homeHandler:118	Page Loaded. RemoteAddress:[::1]:65276 Method:GET URL:/
2015-02-04	[DEBUG]	/Users/Zeke/Desktop/go/Assignment3/src/TimeServer.go:main.loginHandler:143	Page Loaded. RemoteAddress:[::1]:65276 Method:GET URL:/login
2015-02-04	[DEBUG]	/Users/Zeke/Desktop/go/Assignment3/src/TimeServer.go:main.homeHandler:118	Page Loaded. RemoteAddress:[::1]:65276 Method:GET URL:/
2015-02-04	[DEBUG]	/Users/Zeke/Desktop/go/Assignment3/src/TimeServer.go:main.loginHandler:143	Page Loaded. RemoteAddress:[::1]:65276 Method:GET URL:/login
2015-02-04	[DEBUG]	/Users/Zeke/Desktop/go/Assignment3/src/TimeServer.go:main.homeHandler:118	Page Loaded. RemoteAddress:[::1]:65276 Method:GET URL:/
2015-02-04	[DEBUG]	/Users/Zeke/Desktop/go/Assignment3/src/TimeServer.go:main.loginHandler:143	Page Loaded. RemoteAddress:[::1]:65276 Method:GET URL:/login
2015-02-04	[DEBUG]	/Users/Zeke/Desktop/go/Assignment3/src/TimeServer.go:main.homeHandler:118	Page Loaded. RemoteAddress:[::1]:65276 Method:GET URL:/
2015-02-04	[DEBUG]	/Users/Zeke/Desktop/go/Assignment3/src/TimeServer.go:main.loginHandler:143	Page Loaded. RemoteAddress:[::1]:65276 Method:GET URL:/login
2015-02-05	[DEBUG]	/Users/Zeke/Desktop/go/Assignment3/src/TimeServer.go:main.homeHandler:118	Page Loaded. RemoteAddress:[::1]:57663 Method:GET URL:/
2015-02-05	[DEBUG]	/Users/Zeke/Desktop/go/Assignment3/src/TimeServer.go:main.loginHandler:143	Page Loaded. RemoteAddress:[::1]:57663 Method:GET URL:/login
2015-02-05	[DEBUG]	/Users/Zeke/Desktop/go/Assignment3/src/TimeServer.go:main.homeHandler:118	Page Loaded. RemoteAddress:[::1]:57664 Method:GET URL:/apple-touch-icon-precomposed.png
2015-02-05	[DEBUG]	/Users/Zeke/Desktop/go/Assignment3/src/TimeServer.go:main.pageError:218	Page Loaded. RemoteAddress:[::1]:57664 Method:GET URL:/apple-touch-icon-precomposed.png
2015-02-05	[WARN]	/Users/Zeke/Desktop/go/Assignment3/src/TimeServer.go:main.homeHandler:124	404 Page Not Found: [::1]:57664 GET /apple-touch-icon-precomposed.png
2015-02-05	[DEBUG]	/Users/Zeke/Desktop/go/Assignment3/src/TimeServer.go:main.homeHandler:118	Page Loaded. RemoteAddress:[::1]:57664 Method:GET URL:/apple-touch-icon.png
2015-02-05	[DEBUG]	/Users/Zeke/Desktop/go/Assignment3/src/TimeServer.go:main.pageError:218	Page Loaded. RemoteAddress:[::1]:57664 Method:GET URL:/apple-touch-icon.png
2015-02-05	[WARN]	/Users/Zeke/Desktop/go/Assignment3/src/TimeServer.go:main.homeHandler:124	404 Page Not Found: [::1]:57664 GET /apple-touch-icon.png
2015-02-05	[DEBUG]	/Users/Zeke/Desktop/go/Assignment3/src/TimeServer.go:main.timeHandler:201	Page Loaded. RemoteAddress:[::1]:58496 Method:GET URL:/time
2015-02-05	[DEBUG]	/Users/Zeke/Desktop/go/Assignment3/src/TimeServer.go:main.homeHandler:118	Page Loaded. RemoteAddress:[::1]:58496 Method:GET URL:/favicon.ico
2015-02-05	[DEBUG]	/Users/Zeke/Desktop/go/Assignment3/src/TimeServer.go:main.pageError:218	Page Loaded. RemoteAddress:[::1]:58496 Method:GET URL:/favicon.ico
2015-02-05	[WARN]	/Users/Zeke/Desktop/go/Assignment3/src/TimeServer.go:main.homeHandler:124	404 Page Not Found: [::1]:58496 GET /favicon.ico
2015-02-05	[DEBUG]	/Users/Zeke/Desktop/go/Assignment3/src/TimeServer.go:main.timeHandler:201	Page Loaded. RemoteAddress:[::1]:58496 Method:GET URL:/time
2015-02-05	[DEBUG]	/Users/Zeke/Desktop/go/Assignment3/src/TimeServer.go:main.homeHandler:118	Page Loaded. RemoteAddress:[::1]:58498 Method:GET URL:/apple-touch-icon-precomposed.png
2015-02-05	[DEBUG]	/Users/Zeke/Desktop/go/Assignment3/src/TimeServer.go:main.pageError:218	Page Loaded. RemoteAddress:[::1]:58498 Method:GET URL:/apple-touch-icon-precomposed.png
2015-02-05	[WARN]	/Users/Zeke/Desktop/go/Assignment3/src/TimeServer.go:main.homeHandler:124	404 Page Not Found: [::1]:58498 GET /apple-touch-icon-precomposed.png
2015-02-05	[DEBUG]	/Users/Zeke/Desktop/go/Assignment3/src/TimeServer.go:main.homeHandler:118	Page Loaded. RemoteAddress:[::1]:58498 Method:GET URL:/apple-touch-icon.png
2015-02-05	[DEBUG]	/Users/Zeke/Desktop/go/Assignment3/src/TimeServer.go:main.pageError:218	Page Loaded. RemoteAddress:[::1]:58498 Method:GET URL:/apple-touch-icon.png
2015-02-05	[WARN]	/Users/Zeke/Desktop/go/Assignment3/src/TimeServer.go:main.homeHandler:124	404 Page Not Found: [::1]:58498 GET /apple-touch-icon.png
